Start testing: Aug 03 14:51 KST
----------------------------------------------------------
1/18 Testing: test-bopomofo
1/18 Test: test-bopomofo
Command: "/mnt/c/Users/sure/GLaDOS/Vulcan-Demo-Basic/build/test/test-bopomofo"
Directory: /mnt/c/Users/sure/GLaDOS/Vulcan-Demo-Basic/build
"test-bopomofo" start time: Aug 03 14:51 KST
Output:
----------------------------------------------------------
#
# test_select_candidate_no_rearward
#
ok 1 shall has next candidate
ok 2 candidate `一上來' shall be `一上來'
ok 3 candndate `一上來' shall be `一上來'
ok 4 shall has next candidate
ok 5 candidate `移上來' shall be `移上來'
ok 6 candndate `移上來' shall be `移上來'
ok 7 shall not have next candidate
ok 8 candndate `' shall be `'
ok 9 candndate `' shall be `'
ok 10 shall has next candidate
ok 11 candidate `移上' shall be `移上'
ok 12 candndate `移上' shall be `移上'
ok 13 shall not have next candidate
ok 14 candndate `' shall be `'
ok 15 candndate `' shall be `'
ok 16 commit buffer check function returned `1' shall be `1'
ok 17 commit buffer string function returned `移上來' shall be `移上來'
ok 18 commit buffer string function returned `移上來' shall be `移上來'
#
# test_select_candidate_rearward
#
ok 19 preedit buffer check function returned `1' shall be `1'
ok 20 preedit buffer get length function returned `3' shall be `3'
ok 21 preedit buffer string function returned `一上來' shall be `一上來'
ok 22 preedit buffer string function returned `一上來' shall be `一上來'
ok 23 shall has next candidate
ok 24 candidate `一上來' shall be `一上來'
ok 25 candndate `一上來' shall be `一上來'
ok 26 shall has next candidate
ok 27 candidate `移上來' shall be `移上來'
ok 28 candndate `移上來' shall be `移上來'
ok 29 shall not have next candidate
ok 30 candndate `' shall be `'
ok 31 candndate `' shall be `'
ok 32 shall has next candidate
ok 33 candidate `上來' shall be `上來'
ok 34 candndate `上來' shall be `上來'
ok 35 shall not have next candidate
ok 36 candndate `' shall be `'
ok 37 candndate `' shall be `'
ok 38 commit buffer check function returned `1' shall be `1'
ok 39 commit buffer string function returned `移上來' shall be `移上來'
ok 40 commit buffer string function returned `移上來' shall be `移上來'
#
# test_select_candidate_no_rearward_with_symbol
#
ok 41 chewing_cand_TotalChoice() returns `5' shall greater than 0 at pos `0'
ok 42 candidate `測試' length `2' shall be `2' at pos `0'
ok 43 chewing_cand_TotalChoice() returns `100' shall greater than 0 at pos `1'
ok 44 candidate `市' length `1' shall be `1' at pos `1'
ok 45 chewing_cand_TotalChoice() returns `2' shall greater than 0 at pos `2'
ok 46 candidate `，' length `1' shall be `1' at pos `2'
ok 47 chewing_cand_TotalChoice() returns `3' shall greater than 0 at pos `3'
ok 48 candidate `一下' length `2' shall be `2' at pos `3'
ok 49 chewing_cand_TotalChoice() returns `23' shall greater than 0 at pos `4'
ok 50 candidate `下' length `1' shall be `1' at pos `4'
#
# test_select_candidate_rearward_with_symbol
#
ok 51 chewing_cand_TotalChoice() returns `26' shall greater than 0 at pos `0'
ok 52 candidate `冊' length `1' shall be `1' at pos `0'
ok 53 chewing_cand_TotalChoice() returns `5' shall greater than 0 at pos `1'
ok 54 candidate `測試' length `2' shall be `2' at pos `1'
ok 55 chewing_cand_TotalChoice() returns `2' shall greater than 0 at pos `2'
ok 56 candidate `，' length `1' shall be `1' at pos `2'
ok 57 chewing_cand_TotalChoice() returns `108' shall greater than 0 at pos `3'
ok 58 candidate `遺' length `1' shall be `1' at pos `3'
ok 59 chewing_cand_TotalChoice() returns `3' shall greater than 0 at pos `4'
ok 60 candidate `一下' length `2' shall be `2' at pos `4'
#
# test_select_candidate_no_rearward_start_with_symbol
#
ok 61 chewing_cand_TotalChoice() returns `2' shall greater than 0 at pos `0'
ok 62 candidate `，' length `1' shall be `1' at pos `0'
ok 63 chewing_cand_TotalChoice() returns `5' shall greater than 0 at pos `1'
ok 64 candidate `測試' length `2' shall be `2' at pos `1'
ok 65 chewing_cand_TotalChoice() returns `100' shall greater than 0 at pos `2'
ok 66 candidate `市' length `1' shall be `1' at pos `2'
#
# test_select_candidate_rearward_start_with_symbol
#
ok 67 chewing_cand_TotalChoice() returns `2' shall greater than 0 at pos `0'
ok 68 candidate `，' length `1' shall be `1' at pos `0'
ok 69 chewing_cand_TotalChoice() returns `26' shall greater than 0 at pos `1'
ok 70 candidate `冊' length `1' shall be `1' at pos `1'
ok 71 chewing_cand_TotalChoice() returns `5' shall greater than 0 at pos `2'
ok 72 candidate `測試' length `2' shall be `2' at pos `2'
#
# test_select_candidate_4_bytes_utf8
#
ok 73 preedit buffer check function returned `1' shall be `1'
ok 74 preedit buffer get length function returned `2' shall be `2'
ok 75 preedit buffer string function returned `得得' shall be `得得'
ok 76 preedit buffer string function returned `得得' shall be `得得'
ok 77 preedit buffer check function returned `1' shall be `1'
ok 78 preedit buffer get length function returned `2' shall be `2'
ok 79 preedit buffer string function returned `𢔨得' shall be `𢔨得'
ok 80 preedit buffer string function returned `𢔨得' shall be `𢔨得'
ok 81 preedit buffer check function returned `1' shall be `1'
ok 82 preedit buffer get length function returned `2' shall be `2'
ok 83 preedit buffer string function returned `𢔨𢔨' shall be `𢔨𢔨'
ok 84 preedit buffer string function returned `𢔨𢔨' shall be `𢔨𢔨'
#
# test_del_bopomofo_as_mode_switch
#
ok 85 bopomofo buffer check function returned `1' shall be `1'
ok 86 bopomofo buffer check function returned `0' shall be `0'
ok 87 bopomofo buffer string function returned parameter `2' shall be `2'
ok 88 bopomofo buffer string function returned `ㄉㄜ' shall be `ㄉㄜ'
ok 89 bopomofo buffer string function returned `ㄉㄜ' shall be `ㄉㄜ'
ok 90 preedit buffer check function returned `0' shall be `0'
ok 91 preedit buffer get length function returned `0' shall be `0'
ok 92 preedit buffer string function returned `' shall be `'
ok 93 preedit buffer string function returned `' shall be `'
ok 94 bopomofo buffer check function returned `0' shall be `0'
ok 95 bopomofo buffer check function returned `1' shall be `1'
ok 96 bopomofo buffer string function returned parameter `0' shall be `0'
ok 97 bopomofo buffer string function returned `' shall be `'
ok 98 bopomofo buffer string function returned `' shall be `'
ok 99 preedit buffer check function returned `0' shall be `0'
ok 100 preedit buffer get length function returned `0' shall be `0'
ok 101 preedit buffer string function returned `' shall be `'
ok 102 preedit buffer string function returned `' shall be `'
ok 103 bopomofo buffer check function returned `1' shall be `1'
ok 104 bopomofo buffer check function returned `0' shall be `0'
ok 105 bopomofo buffer string function returned parameter `2' shall be `2'
ok 106 bopomofo buffer string function returned `ㄨㄛ' shall be `ㄨㄛ'
ok 107 bopomofo buffer string function returned `ㄨㄛ' shall be `ㄨㄛ'
ok 108 preedit buffer check function returned `0' shall be `0'
ok 109 preedit buffer get length function returned `0' shall be `0'
ok 110 preedit buffer string function returned `' shall be `'
ok 111 preedit buffer string function returned `' shall be `'
ok 112 bopomofo buffer check function returned `0' shall be `0'
ok 113 bopomofo buffer check function returned `1' shall be `1'
ok 114 bopomofo buffer string function returned parameter `0' shall be `0'
ok 115 bopomofo buffer string function returned `' shall be `'
ok 116 bopomofo buffer string function returned `' shall be `'
ok 117 preedit buffer check function returned `0' shall be `0'
ok 118 preedit buffer get length function returned `0' shall be `0'
ok 119 preedit buffer string function returned `' shall be `'
ok 120 preedit buffer string function returned `' shall be `'
#
# test_select_candidate_in_middle_no_reaward
#
ok 121 chewing_cand_open return 0 shall be 0
ok 122 first candidate `適宜' shall be `適宜'
ok 123 chewing_cand_list_next return 0 shall be 0
ok 124 first candidate `市' shall be `市'
#
# test_select_candidate_in_middle_reaward
#
ok 125 chewing_cand_open return 0 shall be 0
ok 126 first candidate `測試' shall be `測試'
ok 127 chewing_cand_list_next return 0 shall be 0
ok 128 first candidate `市' shall be `市'
#
# test_Esc_not_entering_chewing
#
ok 129 keystroke rtn `1' shall be `1'
ok 130 keystroke rtn `0' shall be `0'
ok 131 keystroke rtn `0' shall be `0'
#
# test_Esc_in_select
#
ok 132 shall not have next candidate
ok 133 candndate `' shall be `'
ok 134 candndate `' shall be `'
#
# test_Esc_entering_bopomofo
#
ok 135 bopomofo buffer check function returned `0' shall be `0'
ok 136 bopomofo buffer check function returned `1' shall be `1'
ok 137 bopomofo buffer string function returned parameter `0' shall be `0'
ok 138 bopomofo buffer string function returned `' shall be `'
ok 139 bopomofo buffer string function returned `' shall be `'
#
# test_Esc_escCleanAllBuf
#
ok 140 bopomofo buffer check function returned `0' shall be `0'
ok 141 bopomofo buffer check function returned `1' shall be `1'
ok 142 bopomofo buffer string function returned parameter `0' shall be `0'
ok 143 bopomofo buffer string function returned `' shall be `'
ok 144 bopomofo buffer string function returned `' shall be `'
ok 145 preedit buffer check function returned `0' shall be `0'
ok 146 preedit buffer get length function returned `0' shall be `0'
ok 147 preedit buffer string function returned `' shall be `'
ok 148 preedit buffer string function returned `' shall be `'
ok 149 commit buffer check function returned `0' shall be `0'
ok 150 commit buffer string function returned `' shall be `'
ok 151 commit buffer string function returned `' shall be `'
#
# test_Del_not_entering_chewing
#
ok 152 keystroke rtn `1' shall be `1'
ok 153 keystroke rtn `0' shall be `0'
ok 154 keystroke rtn `0' shall be `0'
#
# test_Del_in_select
#
ok 155 keystroke rtn `0' shall be `0'
ok 156 keystroke rtn `0' shall be `0'
ok 157 keystroke rtn `1' shall be `1'
#
# test_Del_word
#
ok 158 commit buffer check function returned `1' shall be `1'
ok 159 commit buffer string function returned `測試' shall be `測試'
ok 160 commit buffer string function returned `測試' shall be `測試'
#
# test_Backspace_not_entering_chewing
#
ok 161 keystroke rtn `1' shall be `1'
ok 162 keystroke rtn `0' shall be `0'
ok 163 keystroke rtn `0' shall be `0'
#
# test_Backspace_in_select
#
ok 164 shall not have next candidate
ok 165 candndate `' shall be `'
ok 166 candndate `' shall be `'
ok 167 chewing_cand_TotalChoice() returns `0' shall be `0'
ok 168 chewing_cand_TotalChoice() returns `26' shall be greater than `0'
ok 169 chewing_cand_TotalChoice() returns `0' shall be `0'
#
# test_Backspace_remove_bopomofo
#
ok 170 bopomofo buffer check function returned `1' shall be `1'
ok 171 bopomofo buffer check function returned `0' shall be `0'
ok 172 bopomofo buffer string function returned parameter `1' shall be `1'
ok 173 bopomofo buffer string function returned `ㄘ' shall be `ㄘ'
ok 174 bopomofo buffer string function returned `ㄘ' shall be `ㄘ'
#
# test_Backspace_word
#
ok 175 commit buffer check function returned `1' shall be `1'
ok 176 commit buffer string function returned `測試' shall be `測試'
ok 177 commit buffer string function returned `測試' shall be `測試'
#
# test_Up_close_candidate_window_word
#
ok 178 chewing_cand_TotalChoice() returns `0' shall be `0'
ok 179 chewing_cand_TotalChoice() returns `26' shall be greater than `0'
ok 180 chewing_cand_TotalChoice() returns `0' shall be `0'
#
# test_Up_close_candidate_window_symbol
#
ok 181 chewing_cand_TotalChoice() returns `0' shall be `0'
ok 182 chewing_cand_TotalChoice() returns `17' shall be greater than `0'
ok 183 chewing_cand_TotalChoice() returns `0' shall be `0'
#
# test_Up_not_entering_chewing
#
ok 184 keystroke rtn `1' shall be `1'
ok 185 keystroke rtn `0' shall be `0'
ok 186 keystroke rtn `0' shall be `0'
#
# test_Down_open_candidate_window
#
ok 187 chewing_cand_TotalChoice() returns `0' shall be `0'
ok 188 chewing_cand_TotalChoice() returns `26' shall be greater than `0'
ok 189 chewing_cand_TotalChoice() returns `0' shall be `0'
ok 190 preedit buffer check function returned `1' shall be `1'
ok 191 preedit buffer get length function returned `1' shall be `1'
ok 192 preedit buffer string function returned `測' shall be `測'
ok 193 preedit buffer string function returned `測' shall be `測'
#
# test_Down_not_entering_chewing
#
ok 194 keystroke rtn `1' shall be `1'
ok 195 keystroke rtn `0' shall be `0'
ok 196 keystroke rtn `0' shall be `0'
#
# test_Down_open_candidate_window_after_deleting_symbol
#
ok 197 chewing_cand_TotalChoice() returns `0' shall be `0'
ok 198 chewing_cand_TotalChoice() returns `2' shall be greater than `0'
ok 199 chewing_cand_TotalChoice() returns `0' shall be `0'
ok 200 preedit buffer check function returned `1' shall be `1'
ok 201 preedit buffer get length function returned `3' shall be `3'
ok 202 preedit buffer string function returned `測試←' shall be `測試←'
ok 203 preedit buffer string function returned `測試←' shall be `測試←'
#
# test_Tab_insert_breakpoint_between_word
#
ok 204 shall have next interval
ok 205 interval (0, 2) shall be (0, 2)
ok 206 shall not have next interval
ok 207 shall have next interval
ok 208 interval (0, 1) shall be (0, 1)
ok 209 shall have next interval
ok 210 interval (1, 2) shall be (1, 2)
ok 211 shall not have next interval
#
# test_Tab_connect_word
#
ok 212 shall have next interval
ok 213 interval (0, 1) shall be (0, 1)
ok 214 shall have next interval
ok 215 interval (1, 2) shall be (1, 2)
ok 216 shall not have next interval
ok 217 shall have next interval
ok 218 interval (0, 2) shall be (0, 2)
ok 219 shall not have next interval
#
# test_Tab_at_the_end
#
ok 220 preedit buffer check function returned `1' shall be `1'
ok 221 preedit buffer get length function returned `4' shall be `4'
ok 222 preedit buffer string function returned `測試一下' shall be `測試一下'
ok 223 preedit buffer string function returned `測試一下' shall be `測試一下'
ok 224 preedit buffer check function returned `1' shall be `1'
ok 225 preedit buffer get length function returned `4' shall be `4'
ok 226 preedit buffer string function returned `測試儀下' shall be `測試儀下'
ok 227 preedit buffer string function returned `測試儀下' shall be `測試儀下'
ok 228 preedit buffer check function returned `1' shall be `1'
ok 229 preedit buffer get length function returned `4' shall be `4'
ok 230 preedit buffer string function returned `測試一下' shall be `測試一下'
ok 231 preedit buffer string function returned `測試一下' shall be `測試一下'
#
# test_Capslock
#
ok 232 mode shall be CHINESE_MODE
ok 233 bopomofo buffer check function returned `1' shall be `1'
ok 234 bopomofo buffer check function returned `0' shall be `0'
ok 235 bopomofo buffer string function returned parameter `2' shall be `2'
ok 236 bopomofo buffer string function returned `ㄨㄛ' shall be `ㄨㄛ'
ok 237 bopomofo buffer string function returned `ㄨㄛ' shall be `ㄨㄛ'
ok 238 preedit buffer check function returned `0' shall be `0'
ok 239 preedit buffer get length function returned `0' shall be `0'
ok 240 preedit buffer string function returned `' shall be `'
ok 241 preedit buffer string function returned `' shall be `'
ok 242 commit buffer check function returned `0' shall be `0'
ok 243 commit buffer string function returned `' shall be `'
ok 244 commit buffer string function returned `' shall be `'
ok 245 mode shall change to SYMBOL_MODE
ok 246 bopomofo buffer check function returned `0' shall be `0'
ok 247 bopomofo buffer check function returned `1' shall be `1'
ok 248 bopomofo buffer string function returned parameter `0' shall be `0'
ok 249 bopomofo buffer string function returned `' shall be `'
ok 250 bopomofo buffer string function returned `' shall be `'
ok 251 preedit buffer check function returned `0' shall be `0'
ok 252 preedit buffer get length function returned `0' shall be `0'
ok 253 preedit buffer string function returned `' shall be `'
ok 254 preedit buffer string function returned `' shall be `'
ok 255 commit buffer check function returned `0' shall be `0'
ok 256 commit buffer string function returned `' shall be `'
ok 257 commit buffer string function returned `' shall be `'
#
# test_Home
#
ok 258 cursor `2' shall be 2
ok 259 cursor `0' shall be 0
#
# test_End
#
ok 260 cursor `0' shall be 0
ok 261 cursor `2' shall be 2
#
# test_PageUp_not_entering_chewing
#
ok 262 cursor `0' shall be 0
ok 263 cursor `2' shall be 2
#
# test_PageUp_in_select
#
ok 264 total page shall be 3
ok 265 current page shall be 0
ok 266 current page shall be 2
ok 267 current page shall be 1
#
# test_PageDown_not_entering_chewing
#
ok 268 cursor `0' shall be 0
ok 269 cursor `2' shall be 2
#
# test_PageDown_in_select
#
ok 270 total page shall be 3
ok 271 current page shall be 0
ok 272 current page shall be 1
ok 273 current page shall be 0
#
# test_ShiftSpace
#
ok 274 mode shall be HALFSHAPE_MODE
ok 275 mode shall be FULLSHAPE_MODE
ok 276 commit buffer check function returned `1' shall be `1'
ok 277 commit buffer string function returned `　' shall be `　'
ok 278 commit buffer string function returned `　' shall be `　'
ok 279 commit buffer check function returned `1' shall be `1'
ok 280 commit buffer string function returned `ａ' shall be `ａ'
ok 281 commit buffer string function returned `ａ' shall be `ａ'
#
# test_Numlock_numeric_input
#
ok 282 commit buffer check function returned `1' shall be `1'
ok 283 commit buffer string function returned `0' shall be `0'
ok 284 commit buffer string function returned `0' shall be `0'
ok 285 commit buffer check function returned `1' shall be `1'
ok 286 commit buffer string function returned `1' shall be `1'
ok 287 commit buffer string function returned `1' shall be `1'
ok 288 commit buffer check function returned `1' shall be `1'
ok 289 commit buffer string function returned `2' shall be `2'
ok 290 commit buffer string function returned `2' shall be `2'
ok 291 commit buffer check function returned `1' shall be `1'
ok 292 commit buffer string function returned `3' shall be `3'
ok 293 commit buffer string function returned `3' shall be `3'
ok 294 commit buffer check function returned `1' shall be `1'
ok 295 commit buffer string function returned `4' shall be `4'
ok 296 commit buffer string function returned `4' shall be `4'
ok 297 commit buffer check function returned `1' shall be `1'
ok 298 commit buffer string function returned `5' shall be `5'
ok 299 commit buffer string function returned `5' shall be `5'
ok 300 commit buffer check function returned `1' shall be `1'
ok 301 commit buffer string function returned `6' shall be `6'
ok 302 commit buffer string function returned `6' shall be `6'
ok 303 commit buffer check function returned `1' shall be `1'
ok 304 commit buffer string function returned `7' shall be `7'
ok 305 commit buffer string function returned `7' shall be `7'
ok 306 commit buffer check function returned `1' shall be `1'
ok 307 commit buffer string function returned `8' shall be `8'
ok 308 commit buffer string function returned `8' shall be `8'
ok 309 commit buffer check function returned `1' shall be `1'
ok 310 commit buffer string function returned `9' shall be `9'
ok 311 commit buffer string function returned `9' shall be `9'
ok 312 commit buffer check function returned `1' shall be `1'
ok 313 commit buffer string function returned `+' shall be `+'
ok 314 commit buffer string function returned `+' shall be `+'
ok 315 commit buffer check function returned `1' shall be `1'
ok 316 commit buffer string function returned `-' shall be `-'
ok 317 commit buffer string function returned `-' shall be `-'
ok 318 commit buffer check function returned `1' shall be `1'
ok 319 commit buffer string function returned `*' shall be `*'
ok 320 commit buffer string function returned `*' shall be `*'
ok 321 commit buffer check function returned `1' shall be `1'
ok 322 commit buffer string function returned `/' shall be `/'
ok 323 commit buffer string function returned `/' shall be `/'
ok 324 commit buffer check function returned `1' shall be `1'
ok 325 commit buffer string function returned `.' shall be `.'
ok 326 commit buffer string function returned `.' shall be `.'
#
# test_Numlock_select_candidate
#
ok 327 commit buffer check function returned `1' shall be `1'
ok 328 commit buffer string function returned `冊' shall be `冊'
ok 329 commit buffer string function returned `冊' shall be `冊'
ok 330 commit buffer check function returned `1' shall be `1'
ok 331 commit buffer string function returned `策' shall be `策'
ok 332 commit buffer string function returned `策' shall be `策'
ok 333 commit buffer check function returned `1' shall be `1'
ok 334 commit buffer string function returned `測' shall be `測'
ok 335 commit buffer string function returned `測' shall be `測'
ok 336 commit buffer check function returned `1' shall be `1'
ok 337 commit buffer string function returned `側' shall be `側'
ok 338 commit buffer string function returned `側' shall be `側'
ok 339 commit buffer check function returned `1' shall be `1'
ok 340 commit buffer string function returned `廁' shall be `廁'
ok 341 commit buffer string function returned `廁' shall be `廁'
ok 342 commit buffer check function returned `1' shall be `1'
ok 343 commit buffer string function returned `惻' shall be `惻'
ok 344 commit buffer string function returned `惻' shall be `惻'
ok 345 commit buffer check function returned `1' shall be `1'
ok 346 commit buffer string function returned `筴' shall be `筴'
ok 347 commit buffer string function returned `筴' shall be `筴'
ok 348 commit buffer check function returned `1' shall be `1'
ok 349 commit buffer string function returned `畟' shall be `畟'
ok 350 commit buffer string function returned `畟' shall be `畟'
ok 351 commit buffer check function returned `1' shall be `1'
ok 352 commit buffer string function returned `茦' shall be `茦'
ok 353 commit buffer string function returned `茦' shall be `茦'
ok 354 commit buffer check function returned `1' shall be `1'
ok 355 commit buffer string function returned `粣' shall be `粣'
ok 356 commit buffer string function returned `粣' shall be `粣'
#
# test_Space_selection_word
#
ok 357 candidate `測試' length `2' shall be `2'
ok 358 candidate `冊' length `1' shall be `1'
ok 359 current page shall be 1
#
# test_Space_selection_symbol
#
ok 360 first candidate list head `…' shall be `…'
ok 361 second candidate list head `雙線框' shall be `雙線框'
ok 362 first candidate list head `…' shall be `…'
#
# test_get_phoneSeq
#
ok 363 phoneSeqLen `2' shall be `2'
ok 364 phoneSeq shall be expected value
ok 365 phoneSeqLen `4' shall be `4'
ok 366 phoneSeq shall be expected value
ok 367 phoneSeqLen `0' shall be `0'
ok 368 phoneSeq shall be expected value
#
# test_bopomofo_buffer
#
ok 369 bopomofo buffer check function returned `1' shall be `1'
ok 370 bopomofo buffer check function returned `0' shall be `0'
ok 371 bopomofo buffer string function returned parameter `3' shall be `3'
ok 372 bopomofo buffer string function returned `ㄅㄧㄠ' shall be `ㄅㄧㄠ'
ok 373 bopomofo buffer string function returned `ㄅㄧㄠ' shall be `ㄅㄧㄠ'
ok 374 bopomofo buffer check function returned `0' shall be `0'
ok 375 bopomofo buffer check function returned `1' shall be `1'
ok 376 bopomofo buffer string function returned parameter `0' shall be `0'
ok 377 bopomofo buffer string function returned `' shall be `'
ok 378 bopomofo buffer string function returned `' shall be `'
ok 379 bopomofo buffer check function returned `1' shall be `1'
ok 380 bopomofo buffer check function returned `0' shall be `0'
ok 381 bopomofo buffer string function returned parameter `2' shall be `2'
ok 382 bopomofo buffer string function returned `ㄧㄠ' shall be `ㄧㄠ'
ok 383 bopomofo buffer string function returned `ㄧㄠ' shall be `ㄧㄠ'
ok 384 bopomofo buffer check function returned `0' shall be `0'
ok 385 bopomofo buffer check function returned `1' shall be `1'
ok 386 bopomofo buffer string function returned parameter `0' shall be `0'
ok 387 bopomofo buffer string function returned `' shall be `'
ok 388 bopomofo buffer string function returned `' shall be `'
ok 389 bopomofo buffer check function returned `1' shall be `1'
ok 390 bopomofo buffer check function returned `0' shall be `0'
ok 391 bopomofo buffer string function returned parameter `1' shall be `1'
ok 392 bopomofo buffer string function returned `ˇ' shall be `ˇ'
ok 393 bopomofo buffer string function returned `ˇ' shall be `ˇ'
ok 394 bopomofo buffer check function returned `0' shall be `0'
ok 395 bopomofo buffer check function returned `1' shall be `1'
ok 396 bopomofo buffer string function returned parameter `0' shall be `0'
ok 397 bopomofo buffer string function returned `' shall be `'
ok 398 bopomofo buffer string function returned `' shall be `'
#
# test_longest_phrase
#
ok 399 preedit buffer check function returned `1' shall be `1'
ok 400 preedit buffer get length function returned `11' shall be `11'
ok 401 preedit buffer string function returned `金窩銀窩不如自己的狗窩' shall be `金窩銀窩不如自己的狗窩'
ok 402 preedit buffer string function returned `金窩銀窩不如自己的狗窩' shall be `金窩銀窩不如自己的狗窩'
ok 403 shall have next interval
ok 404 interval (0, 11) shall be (0, 11)
#
# test_auto_commit_phrase
#
ok 405 preedit buffer check function returned `1' shall be `1'
ok 406 preedit buffer get length function returned `2' shall be `2'
ok 407 preedit buffer string function returned `測試' shall be `測試'
ok 408 preedit buffer string function returned `測試' shall be `測試'
ok 409 commit buffer check function returned `1' shall be `1'
ok 410 commit buffer string function returned `測試' shall be `測試'
ok 411 commit buffer string function returned `測試' shall be `測試'
#
# test_auto_commit_symbol
#
ok 412 preedit buffer check function returned `1' shall be `1'
ok 413 preedit buffer get length function returned `2' shall be `2'
ok 414 preedit buffer string function returned `測試' shall be `測試'
ok 415 preedit buffer string function returned `測試' shall be `測試'
ok 416 commit buffer check function returned `1' shall be `1'
ok 417 commit buffer string function returned `，' shall be `，'
ok 418 commit buffer string function returned `，' shall be `，'
#
# test_interval
#
ok 419 preedit buffer check function returned `1' shall be `1'
ok 420 preedit buffer get length function returned `7' shall be `7'
ok 421 preedit buffer string function returned `，測試，測試，' shall be `，測試，測試，'
ok 422 preedit buffer string function returned `，測試，測試，' shall be `，測試，測試，'
ok 423 shall have next interval
ok 424 interval (1, 3) shall be (1, 3)
ok 425 shall have next interval
ok 426 interval (4, 6) shall be (4, 6)
ok 427 shall not have next interval
#
# test_jk_selection
#
ok 428 chewing_cand_open() returns `0' shall be `0'
ok 429 chewing_cand_TotalChoice() returns `2' shall be greater than `0'
ok 430 candidate length `1' shall be `1'
ok 431 chewing_cand_TotalChoice() returns `100' shall be greater than `0'
ok 432 candidate length `1' shall be `1'
ok 433 chewing_cand_TotalChoice() returns `26' shall be greater than `0'
not ok 434 candidate length `1' shall be `2'
# internal_ok_candidate_len failed in /mnt/c/Users/sure/GLaDOS/Vulcan-Demo-Basic/test/test-bopomofo.c:1389
ok 435 chewing_cand_TotalChoice() returns `2' shall be greater than `0'
ok 436 candidate length `1' shall be `1'
ok 437 chewing_cand_TotalChoice() returns `100' shall be greater than `0'
ok 438 candidate length `1' shall be `1'
ok 439 chewing_cand_TotalChoice() returns `5' shall be greater than `0'
ok 440 candidate length `2' shall be `2'
ok 441 chewing_cand_TotalChoice() returns `2' shall be greater than `0'
ok 442 candidate length `1' shall be `1'
ok 443 chewing_cand_TotalChoice() returns `2' shall be greater than `0'
ok 444 candidate length `1' shall be `1'
ok 445 chewing_cand_TotalChoice() returns `5' shall be greater than `0'
ok 446 candidate length `2' shall be `2'
ok 447 chewing_cand_TotalChoice() returns `100' shall be greater than `0'
ok 448 candidate length `1' shall be `1'
ok 449 chewing_cand_TotalChoice() returns `2' shall be greater than `0'
ok 450 candidate length `1' shall be `1'
ok 451 chewing_cand_TotalChoice() returns `26' shall be greater than `0'
not ok 452 candidate length `1' shall be `2'
# internal_ok_candidate_len failed in /mnt/c/Users/sure/GLaDOS/Vulcan-Demo-Basic/test/test-bopomofo.c:1396
ok 453 chewing_cand_TotalChoice() returns `100' shall be greater than `0'
ok 454 candidate length `1' shall be `1'
ok 455 chewing_cand_TotalChoice() returns `2' shall be greater than `0'
ok 456 candidate length `1' shall be `1'
#
# test_KB_HSU
#
ok 457 preedit buffer check function returned `1' shall be `1'
ok 458 preedit buffer get length function returned `7' shall be `7'
ok 459 preedit buffer string function returned `新酷音真的很棒' shall be `新酷音真的很棒'
ok 460 preedit buffer string function returned `新酷音真的很棒' shall be `新酷音真的很棒'
ok 461 bopomofo buffer check function returned `1' shall be `1'
ok 462 bopomofo buffer check function returned `0' shall be `0'
ok 463 bopomofo buffer string function returned parameter `1' shall be `1'
ok 464 bopomofo buffer string function returned `ㄇ' shall be `ㄇ'
ok 465 bopomofo buffer string function returned `ㄇ' shall be `ㄇ'
ok 466 bopomofo buffer check function returned `0' shall be `0'
ok 467 bopomofo buffer check function returned `1' shall be `1'
ok 468 bopomofo buffer string function returned parameter `0' shall be `0'
ok 469 bopomofo buffer string function returned `' shall be `'
ok 470 bopomofo buffer string function returned `' shall be `'
ok 471 preedit buffer check function returned `1' shall be `1'
ok 472 preedit buffer get length function returned `1' shall be `1'
ok 473 preedit buffer string function returned `安' shall be `安'
ok 474 preedit buffer string function returned `安' shall be `安'
ok 475 bopomofo buffer check function returned `1' shall be `1'
ok 476 bopomofo buffer check function returned `0' shall be `0'
ok 477 bopomofo buffer string function returned parameter `1' shall be `1'
ok 478 bopomofo buffer string function returned `ㄏ' shall be `ㄏ'
ok 479 bopomofo buffer string function returned `ㄏ' shall be `ㄏ'
ok 480 bopomofo buffer check function returned `0' shall be `0'
ok 481 bopomofo buffer check function returned `1' shall be `1'
ok 482 bopomofo buffer string function returned parameter `0' shall be `0'
ok 483 bopomofo buffer string function returned `' shall be `'
ok 484 bopomofo buffer string function returned `' shall be `'
ok 485 preedit buffer check function returned `1' shall be `1'
ok 486 preedit buffer get length function returned `1' shall be `1'
ok 487 preedit buffer string function returned `哦' shall be `哦'
ok 488 preedit buffer string function returned `哦' shall be `哦'
ok 489 bopomofo buffer check function returned `1' shall be `1'
ok 490 bopomofo buffer check function returned `0' shall be `0'
ok 491 bopomofo buffer string function returned parameter `1' shall be `1'
ok 492 bopomofo buffer string function returned `ㄍ' shall be `ㄍ'
ok 493 bopomofo buffer string function returned `ㄍ' shall be `ㄍ'
ok 494 bopomofo buffer check function returned `0' shall be `0'
ok 495 bopomofo buffer check function returned `1' shall be `1'
ok 496 bopomofo buffer string function returned parameter `0' shall be `0'
ok 497 bopomofo buffer string function returned `' shall be `'
ok 498 bopomofo buffer string function returned `' shall be `'
ok 499 preedit buffer check function returned `1' shall be `1'
ok 500 preedit buffer get length function returned `1' shall be `1'
ok 501 preedit buffer string function returned `阿' shall be `阿'
ok 502 preedit buffer string function returned `阿' shall be `阿'
ok 503 bopomofo buffer check function returned `1' shall be `1'
ok 504 bopomofo buffer check function returned `0' shall be `0'
ok 505 bopomofo buffer string function returned parameter `1' shall be `1'
ok 506 bopomofo buffer string function returned `ㄋ' shall be `ㄋ'
ok 507 bopomofo buffer string function returned `ㄋ' shall be `ㄋ'
ok 508 bopomofo buffer check function returned `0' shall be `0'
ok 509 bopomofo buffer check function returned `1' shall be `1'
ok 510 bopomofo buffer string function returned parameter `0' shall be `0'
ok 511 bopomofo buffer string function returned `' shall be `'
ok 512 bopomofo buffer string function returned `' shall be `'
ok 513 preedit buffer check function returned `1' shall be `1'
ok 514 preedit buffer get length function returned `1' shall be `1'
ok 515 preedit buffer string function returned `峎' shall be `峎'
ok 516 preedit buffer string function returned `峎' shall be `峎'
ok 517 bopomofo buffer check function returned `1' shall be `1'
ok 518 bopomofo buffer check function returned `0' shall be `0'
ok 519 bopomofo buffer string function returned parameter `1' shall be `1'
ok 520 bopomofo buffer string function returned `ㄎ' shall be `ㄎ'
ok 521 bopomofo buffer string function returned `ㄎ' shall be `ㄎ'
ok 522 bopomofo buffer check function returned `0' shall be `0'
ok 523 bopomofo buffer check function returned `1' shall be `1'
ok 524 bopomofo buffer string function returned parameter `0' shall be `0'
ok 525 bopomofo buffer string function returned `' shall be `'
ok 526 bopomofo buffer string function returned `' shall be `'
ok 527 preedit buffer check function returned `1' shall be `1'
ok 528 preedit buffer get length function returned `1' shall be `1'
ok 529 preedit buffer string function returned `骯' shall be `骯'
ok 530 preedit buffer string function returned `骯' shall be `骯'
ok 531 bopomofo buffer check function returned `1' shall be `1'
ok 532 bopomofo buffer check function returned `0' shall be `0'
ok 533 bopomofo buffer string function returned parameter `1' shall be `1'
ok 534 bopomofo buffer string function returned `ㄐ' shall be `ㄐ'
ok 535 bopomofo buffer string function returned `ㄐ' shall be `ㄐ'
ok 536 bopomofo buffer check function returned `0' shall be `0'
ok 537 bopomofo buffer check function returned `1' shall be `1'
ok 538 bopomofo buffer string function returned parameter `0' shall be `0'
ok 539 bopomofo buffer string function returned `' shall be `'
ok 540 bopomofo buffer string function returned `' shall be `'
ok 541 preedit buffer check function returned `1' shall be `1'
ok 542 preedit buffer get length function returned `1' shall be `1'
ok 543 preedit buffer string function returned `之' shall be `之'
ok 544 preedit buffer string function returned `之' shall be `之'
ok 545 bopomofo buffer check function returned `1' shall be `1'
ok 546 bopomofo buffer check function returned `0' shall be `0'
ok 547 bopomofo buffer string function returned parameter `1' shall be `1'
ok 548 bopomofo buffer string function returned `ㄌ' shall be `ㄌ'
ok 549 bopomofo buffer string function returned `ㄌ' shall be `ㄌ'
ok 550 bopomofo buffer check function returned `0' shall be `0'
ok 551 bopomofo buffer check function returned `1' shall be `1'
ok 552 bopomofo buffer string function returned parameter `0' shall be `0'
ok 553 bopomofo buffer string function returned `' shall be `'
ok 554 bopomofo buffer string function returned `' shall be `'
ok 555 preedit buffer check function returned `1' shall be `1'
ok 556 preedit buffer get length function returned `1' shall be `1'
ok 557 preedit buffer string function returned `爾' shall be `爾'
ok 558 preedit buffer string function returned `爾' shall be `爾'
#
# test_KB_ET26
#
ok 559 preedit buffer check function returned `1' shall be `1'
ok 560 preedit buffer get length function returned `7' shall be `7'
ok 561 preedit buffer string function returned `新酷音真的很棒' shall be `新酷音真的很棒'
ok 562 preedit buffer string function returned `新酷音真的很棒' shall be `新酷音真的很棒'
ok 563 bopomofo buffer check function returned `1' shall be `1'
ok 564 bopomofo buffer check function returned `0' shall be `0'
ok 565 bopomofo buffer string function returned parameter `1' shall be `1'
ok 566 bopomofo buffer string function returned `ㄆ' shall be `ㄆ'
ok 567 bopomofo buffer string function returned `ㄆ' shall be `ㄆ'
ok 568 bopomofo buffer check function returned `0' shall be `0'
ok 569 bopomofo buffer check function returned `1' shall be `1'
ok 570 bopomofo buffer string function returned parameter `0' shall be `0'
ok 571 bopomofo buffer string function returned `' shall be `'
ok 572 bopomofo buffer string function returned `' shall be `'
ok 573 preedit buffer check function returned `1' shall be `1'
ok 574 preedit buffer get length function returned `1' shall be `1'
ok 575 preedit buffer string function returned `吽' shall be `吽'
ok 576 preedit buffer string function returned `吽' shall be `吽'
ok 577 bopomofo buffer check function returned `1' shall be `1'
ok 578 bopomofo buffer check function returned `0' shall be `0'
ok 579 bopomofo buffer string function returned parameter `1' shall be `1'
ok 580 bopomofo buffer string function returned `ㄇ' shall be `ㄇ'
ok 581 bopomofo buffer string function returned `ㄇ' shall be `ㄇ'
ok 582 bopomofo buffer check function returned `0' shall be `0'
ok 583 bopomofo buffer check function returned `1' shall be `1'
ok 584 bopomofo buffer string function returned parameter `0' shall be `0'
ok 585 bopomofo buffer string function returned `' shall be `'
ok 586 bopomofo buffer string function returned `' shall be `'
ok 587 preedit buffer check function returned `1' shall be `1'
ok 588 preedit buffer get length function returned `1' shall be `1'
ok 589 preedit buffer string function returned `安' shall be `安'
ok 590 preedit buffer string function returned `安' shall be `安'
ok 591 bopomofo buffer check function returned `1' shall be `1'
ok 592 bopomofo buffer check function returned `0' shall be `0'
ok 593 bopomofo buffer string function returned parameter `1' shall be `1'
ok 594 bopomofo buffer string function returned `ㄋ' shall be `ㄋ'
ok 595 bopomofo buffer string function returned `ㄋ' shall be `ㄋ'
ok 596 bopomofo buffer check function returned `0' shall be `0'
ok 597 bopomofo buffer check function returned `1' shall be `1'
ok 598 bopomofo buffer string function returned parameter `0' shall be `0'
ok 599 bopomofo buffer string function returned `' shall be `'
ok 600 bopomofo buffer string function returned `' shall be `'
ok 601 preedit buffer check function returned `1' shall be `1'
ok 602 preedit buffer get length function returned `1' shall be `1'
ok 603 preedit buffer string function returned `峎' shall be `峎'
ok 604 preedit buffer string function returned `峎' shall be `峎'
ok 605 bopomofo buffer check function returned `1' shall be `1'
ok 606 bopomofo buffer check function returned `0' shall be `0'
ok 607 bopomofo buffer string function returned parameter `1' shall be `1'
ok 608 bopomofo buffer string function returned `ㄊ' shall be `ㄊ'
ok 609 bopomofo buffer string function returned `ㄊ' shall be `ㄊ'
ok 610 bopomofo buffer check function returned `0' shall be `0'
ok 611 bopomofo buffer check function returned `1' shall be `1'
ok 612 bopomofo buffer string function returned parameter `0' shall be `0'
ok 613 bopomofo buffer string function returned `' shall be `'
ok 614 bopomofo buffer string function returned `' shall be `'
ok 615 preedit buffer check function returned `1' shall be `1'
ok 616 preedit buffer get length function returned `1' shall be `1'
ok 617 preedit buffer string function returned `骯' shall be `骯'
ok 618 preedit buffer string function returned `骯' shall be `骯'
ok 619 bopomofo buffer check function returned `1' shall be `1'
ok 620 bopomofo buffer check function returned `0' shall be `0'
ok 621 bopomofo buffer string function returned parameter `1' shall be `1'
ok 622 bopomofo buffer string function returned `ㄌ' shall be `ㄌ'
ok 623 bopomofo buffer string function returned `ㄌ' shall be `ㄌ'
ok 624 bopomofo buffer check function returned `0' shall be `0'
ok 625 bopomofo buffer check function returned `1' shall be `1'
ok 626 bopomofo buffer string function returned parameter `0' shall be `0'
ok 627 bopomofo buffer string function returned `' shall be `'
ok 628 bopomofo buffer string function returned `' shall be `'
ok 629 preedit buffer check function returned `1' shall be `1'
ok 630 preedit buffer get length function returned `1' shall be `1'
ok 631 preedit buffer string function returned `鞥' shall be `鞥'
ok 632 preedit buffer string function returned `鞥' shall be `鞥'
ok 633 bopomofo buffer check function returned `1' shall be `1'
ok 634 bopomofo buffer check function returned `0' shall be `0'
ok 635 bopomofo buffer string function returned parameter `1' shall be `1'
ok 636 bopomofo buffer string function returned `ㄏ' shall be `ㄏ'
ok 637 bopomofo buffer string function returned `ㄏ' shall be `ㄏ'
ok 638 bopomofo buffer check function returned `0' shall be `0'
ok 639 bopomofo buffer check function returned `1' shall be `1'
ok 640 bopomofo buffer string function returned parameter `0' shall be `0'
ok 641 bopomofo buffer string function returned `' shall be `'
ok 642 bopomofo buffer string function returned `' shall be `'
ok 643 preedit buffer check function returned `1' shall be `1'
ok 644 preedit buffer get length function returned `1' shall be `1'
ok 645 preedit buffer string function returned `爾' shall be `爾'
ok 646 preedit buffer string function returned `爾' shall be `爾'
ok 647 bopomofo buffer check function returned `1' shall be `1'
ok 648 bopomofo buffer check function returned `0' shall be `0'
ok 649 bopomofo buffer string function returned parameter `1' shall be `1'
ok 650 bopomofo buffer string function returned `ㄐ' shall be `ㄐ'
ok 651 bopomofo buffer string function returned `ㄐ' shall be `ㄐ'
ok 652 bopomofo buffer check function returned `0' shall be `0'
ok 653 bopomofo buffer check function returned `1' shall be `1'
ok 654 bopomofo buffer string function returned parameter `0' shall be `0'
ok 655 bopomofo buffer string function returned `' shall be `'
ok 656 bopomofo buffer string function returned `' shall be `'
ok 657 preedit buffer check function returned `1' shall be `1'
ok 658 preedit buffer get length function returned `1' shall be `1'
ok 659 preedit buffer string function returned `之' shall be `之'
ok 660 preedit buffer string function returned `之' shall be `之'
#
# test_KB_DACHEN_CP26
#
ok 661 preedit buffer check function returned `1' shall be `1'
ok 662 preedit buffer get length function returned `7' shall be `7'
ok 663 preedit buffer string function returned `新酷音真的很棒' shall be `新酷音真的很棒'
ok 664 preedit buffer string function returned `新酷音真的很棒' shall be `新酷音真的很棒'
ok 665 bopomofo buffer check function returned `1' shall be `1'
ok 666 bopomofo buffer check function returned `0' shall be `0'
ok 667 bopomofo buffer string function returned parameter `1' shall be `1'
ok 668 bopomofo buffer string function returned `ㄆ' shall be `ㄆ'
ok 669 bopomofo buffer string function returned `ㄆ' shall be `ㄆ'
ok 670 bopomofo buffer check function returned `1' shall be `1'
ok 671 bopomofo buffer check function returned `0' shall be `0'
ok 672 bopomofo buffer string function returned parameter `1' shall be `1'
ok 673 bopomofo buffer string function returned `ㄊ' shall be `ㄊ'
ok 674 bopomofo buffer string function returned `ㄊ' shall be `ㄊ'
ok 675 bopomofo buffer check function returned `1' shall be `1'
ok 676 bopomofo buffer check function returned `0' shall be `0'
ok 677 bopomofo buffer string function returned parameter `1' shall be `1'
ok 678 bopomofo buffer string function returned `ㄔ' shall be `ㄔ'
ok 679 bopomofo buffer string function returned `ㄔ' shall be `ㄔ'
ok 680 bopomofo buffer check function returned `1' shall be `1'
ok 681 bopomofo buffer check function returned `0' shall be `0'
ok 682 bopomofo buffer string function returned parameter `2' shall be `2'
ok 683 bopomofo buffer string function returned `ㄌㄡ' shall be `ㄌㄡ'
ok 684 bopomofo buffer string function returned `ㄌㄡ' shall be `ㄌㄡ'
ok 685 bopomofo buffer check function returned `1' shall be `1'
ok 686 bopomofo buffer check function returned `0' shall be `0'
ok 687 bopomofo buffer string function returned parameter `3' shall be `3'
ok 688 bopomofo buffer string function returned `ㄌㄧㄡ' shall be `ㄌㄧㄡ'
ok 689 bopomofo buffer string function returned `ㄌㄧㄡ' shall be `ㄌㄧㄡ'
ok 690 bopomofo buffer check function returned `1' shall be `1'
ok 691 bopomofo buffer check function returned `0' shall be `0'
ok 692 bopomofo buffer string function returned parameter `2' shall be `2'
ok 693 bopomofo buffer string function returned `ㄌㄩ' shall be `ㄌㄩ'
ok 694 bopomofo buffer string function returned `ㄌㄩ' shall be `ㄌㄩ'
ok 695 bopomofo buffer check function returned `1' shall be `1'
ok 696 bopomofo buffer check function returned `0' shall be `0'
ok 697 bopomofo buffer string function returned parameter `1' shall be `1'
ok 698 bopomofo buffer string function returned `ㄞ' shall be `ㄞ'
ok 699 bopomofo buffer string function returned `ㄞ' shall be `ㄞ'
ok 700 bopomofo buffer check function returned `1' shall be `1'
ok 701 bopomofo buffer check function returned `0' shall be `0'
ok 702 bopomofo buffer string function returned parameter `1' shall be `1'
ok 703 bopomofo buffer string function returned `ㄢ' shall be `ㄢ'
ok 704 bopomofo buffer string function returned `ㄢ' shall be `ㄢ'
ok 705 bopomofo buffer check function returned `1' shall be `1'
ok 706 bopomofo buffer check function returned `0' shall be `0'
ok 707 bopomofo buffer string function returned parameter `1' shall be `1'
ok 708 bopomofo buffer string function returned `ㄤ' shall be `ㄤ'
ok 709 bopomofo buffer string function returned `ㄤ' shall be `ㄤ'
ok 710 bopomofo buffer check function returned `1' shall be `1'
ok 711 bopomofo buffer check function returned `0' shall be `0'
ok 712 bopomofo buffer string function returned parameter `1' shall be `1'
ok 713 bopomofo buffer string function returned `ㄦ' shall be `ㄦ'
ok 714 bopomofo buffer string function returned `ㄦ' shall be `ㄦ'
ok 715 bopomofo buffer check function returned `1' shall be `1'
ok 716 bopomofo buffer check function returned `0' shall be `0'
ok 717 bopomofo buffer string function returned parameter `2' shall be `2'
ok 718 bopomofo buffer string function returned `ㄉㄧ' shall be `ㄉㄧ'
ok 719 bopomofo buffer string function returned `ㄉㄧ' shall be `ㄉㄧ'
ok 720 bopomofo buffer check function returned `1' shall be `1'
ok 721 bopomofo buffer check function returned `0' shall be `0'
ok 722 bopomofo buffer string function returned parameter `2' shall be `2'
ok 723 bopomofo buffer string function returned `ㄉㄚ' shall be `ㄉㄚ'
ok 724 bopomofo buffer string function returned `ㄉㄚ' shall be `ㄉㄚ'
ok 725 bopomofo buffer check function returned `1' shall be `1'
ok 726 bopomofo buffer check function returned `0' shall be `0'
ok 727 bopomofo buffer string function returned parameter `3' shall be `3'
ok 728 bopomofo buffer string function returned `ㄉㄧㄚ' shall be `ㄉㄧㄚ'
ok 729 bopomofo buffer string function returned `ㄉㄧㄚ' shall be `ㄉㄧㄚ'
ok 730 bopomofo buffer check function returned `1' shall be `1'
ok 731 bopomofo buffer check function returned `0' shall be `0'
ok 732 bopomofo buffer string function returned parameter `1' shall be `1'
ok 733 bopomofo buffer string function returned `ㄉ' shall be `ㄉ'
ok 734 bopomofo buffer string function returned `ㄉ' shall be `ㄉ'
ok 735 bopomofo buffer check function returned `1' shall be `1'
ok 736 bopomofo buffer check function returned `0' shall be `0'
ok 737 bopomofo buffer string function returned parameter `3' shall be `3'
ok 738 bopomofo buffer string function returned `ㄉㄨㄚ' shall be `ㄉㄨㄚ'
ok 739 bopomofo buffer string function returned `ㄉㄨㄚ' shall be `ㄉㄨㄚ'
ok 740 bopomofo buffer check function returned `1' shall be `1'
ok 741 bopomofo buffer check function returned `0' shall be `0'
ok 742 bopomofo buffer string function returned parameter `2' shall be `2'
ok 743 bopomofo buffer string function returned `ㄖㄝ' shall be `ㄖㄝ'
ok 744 bopomofo buffer string function returned `ㄖㄝ' shall be `ㄖㄝ'
ok 745 bopomofo buffer check function returned `1' shall be `1'
ok 746 bopomofo buffer check function returned `0' shall be `0'
ok 747 bopomofo buffer string function returned parameter `3' shall be `3'
ok 748 bopomofo buffer string function returned `ㄙㄨㄥ' shall be `ㄙㄨㄥ'
ok 749 bopomofo buffer string function returned `ㄙㄨㄥ' shall be `ㄙㄨㄥ'
#
# test_KB_HANYU
#
ok 750 preedit buffer check function returned `1' shall be `1'
ok 751 preedit buffer get length function returned `7' shall be `7'
ok 752 preedit buffer string function returned `新酷音真的很棒' shall be `新酷音真的很棒'
ok 753 preedit buffer string function returned `新酷音真的很棒' shall be `新酷音真的很棒'
ok 754 preedit buffer check function returned `1' shall be `1'
ok 755 preedit buffer get length function returned `8' shall be `8'
ok 756 preedit buffer string function returned `歡迎使用拼音模式' shall be `歡迎使用拼音模式'
ok 757 preedit buffer string function returned `歡迎使用拼音模式' shall be `歡迎使用拼音模式'
#
# test_KB_THL
#
ok 758 preedit buffer check function returned `1' shall be `1'
ok 759 preedit buffer get length function returned `7' shall be `7'
ok 760 preedit buffer string function returned `新酷音真的很棒' shall be `新酷音真的很棒'
ok 761 preedit buffer string function returned `新酷音真的很棒' shall be `新酷音真的很棒'
ok 762 preedit buffer check function returned `1' shall be `1'
ok 763 preedit buffer get length function returned `8' shall be `8'
ok 764 preedit buffer string function returned `歡迎使用拼音模式' shall be `歡迎使用拼音模式'
ok 765 preedit buffer string function returned `歡迎使用拼音模式' shall be `歡迎使用拼音模式'
#
# test_KB_MPS2
#
ok 766 preedit buffer check function returned `1' shall be `1'
ok 767 preedit buffer get length function returned `7' shall be `7'
ok 768 preedit buffer string function returned `新酷音真的很棒' shall be `新酷音真的很棒'
ok 769 preedit buffer string function returned `新酷音真的很棒' shall be `新酷音真的很棒'
ok 770 preedit buffer check function returned `1' shall be `1'
ok 771 preedit buffer get length function returned `8' shall be `8'
ok 772 preedit buffer string function returned `歡迎使用拼音模式' shall be `歡迎使用拼音模式'
ok 773 preedit buffer string function returned `歡迎使用拼音模式' shall be `歡迎使用拼音模式'
<end of output>
Test time =   5.17 sec
----------------------------------------------------------
Test Failed.
"test-bopomofo" end time: Aug 03 14:51 KST
"test-bopomofo" time elapsed: 00:00:05
----------------------------------------------------------

2/18 Testing: test-config
2/18 Test: test-config
Command: "/mnt/c/Users/sure/GLaDOS/Vulcan-Demo-Basic/build/test/test-config"
Directory: /mnt/c/Users/sure/GLaDOS/Vulcan-Demo-Basic/build
"test-config" start time: Aug 03 14:51 KST
Output:
----------------------------------------------------------
#
# test_default_value
#
ok 1 chewing_get_selKey shall not return NULL
ok 2 default select key shall be default value
ok 3 default candPerPage shall be 10
ok 4 default maxChiSymbolLen shall be 39
ok 5 default addPhraseDirection shall be 0
ok 6 default spaceAsSelection shall be 0
ok 7 default escCleanAllBuf shall be 0
ok 8 default hsuSelKeyType shall be 0
ok 9 default autoShiftCur shall be 0
ok 10 default easySymbolInput shall be 0
ok 11 default phraseChoiceRearward shall be 0
ok 12 default ChiEngMode shall be CHINESE_MODE
ok 13 default ShapeMode shall be HALFSHAPE_MODE
#
# test_set_candPerPage
#
ok 14 candPerPage shall be `1'
ok 15 candPerPage shall be `1'
ok 16 candPerPage shall be `1'
ok 17 candPerPage shall be `10'
ok 18 candPerPage shall be `10'
ok 19 candPerPage shall be `10'
#
# test_set_maxChiSymbolLen
#
ok 20 maxChiSymbolLen shall be 16
ok 21 maxChiSymbolLen shall not change when set to -1
ok 22 maxChiSymbolLen shall not change when set to 40
ok 23 auto commit shall not be triggered when entering 39 symbols
ok 24 auto commit shall be triggered when entering 40 symbols
#
# test_maxChiSymbolLen
#
#
# test_set_selKey_normal
#
ok 25 chewing_get_selKey shall not return NULL
ok 26 select key shall be ALTERNATE_SELECT_KEY
ok 27 preedit buffer check function returned `1' shall be `1'
ok 28 preedit buffer get length function returned `1' shall be `1'
ok 29 preedit buffer string function returned `…' shall be `…'
ok 30 preedit buffer string function returned `…' shall be `…'
#
# test_set_selKey_error_handling
#
ok 31 chewing_get_selKey shall not return NULL
ok 32 select key shall be DEFAULT_SELECT_KEY
ok 33 chewing_get_selKey shall not return NULL
ok 34 select key shall be DEFAULT_SELECT_KEY
ok 35 chewing_get_selKey shall not return NULL
ok 36 select key shall be DEFAULT_SELECT_KEY
ok 37 chewing_get_selKey shall not return NULL
ok 38 select key shall be DEFAULT_SELECT_KEY
#
# test_set_addPhraseDirection
#
ok 39 addPhraseDirection `0' shall be `0'
ok 40 addPhraseDirection `0' shall be `0'
ok 41 addPhraseDirection `0' shall be `0'
ok 42 addPhraseDirection `1' shall be `1'
ok 43 addPhraseDirection `1' shall be `1'
ok 44 addPhraseDirection `1' shall be `1'
#
# test_set_spaceAsSelection
#
ok 45 spaceAsSelection `0' shall be `0'
ok 46 spaceAsSelection `0' shall be `0'
ok 47 spaceAsSelection `0' shall be `0'
ok 48 spaceAsSelection `1' shall be `1'
ok 49 spaceAsSelection `1' shall be `1'
ok 50 spaceAsSelection `1' shall be `1'
#
# test_set_escCleanAllBuf
#
ok 51 escCleanAllBuf shall be `0'
ok 52 escCleanAllBuf shall be `0'
ok 53 escCleanAllBuf shall be `0'
ok 54 escCleanAllBuf shall be `1'
ok 55 escCleanAllBuf shall be `1'
ok 56 escCleanAllBuf shall be `1'
#
# test_set_autoShiftCur
#
ok 57 autoShiftCur shall be `0'
ok 58 autoShiftCur shall be `0'
ok 59 autoShiftCur shall be `0'
ok 60 autoShiftCur shall be `1'
ok 61 autoShiftCur shall be `1'
ok 62 autoShiftCur shall be `1'
#
# test_set_easySymbolInput
#
ok 63 easySymbolInput `0', shall be `0'
ok 64 easySymbolInput `0', shall be `0'
ok 65 easySymbolInput `0', shall be `0'
ok 66 easySymbolInput `1', shall be `1'
ok 67 easySymbolInput `1', shall be `1'
ok 68 easySymbolInput `1', shall be `1'
#
# test_set_phraseChoiceRearward
#
ok 69 phraseChoiceRearward `0' shall be `0'
ok 70 phraseChoiceRearward `0' shall be `0'
ok 71 phraseChoiceRearward `0' shall be `0'
ok 72 phraseChoiceRearward `1' shall be `1'
ok 73 phraseChoiceRearward `1' shall be `1'
ok 74 phraseChoiceRearward `1' shall be `1'
#
# test_set_ChiEngMode
#
ok 75 ChiEngMode shall be `1'
ok 76 ChiEngMode shall be `1'
ok 77 ChiEngMode shall be `1'
ok 78 ChiEngMode shall be `0'
ok 79 ChiEngMode shall be `0'
ok 80 ChiEngMode shall be `0'
#
# test_set_ShapeMode
#
ok 81 ShapeMode shall be `0'
ok 82 ShapeMode shall be `0'
ok 83 ShapeMode shall be `0'
ok 84 ShapeMode shall be `1'
ok 85 ShapeMode shall be `1'
ok 86 ShapeMode shall be `1'
#
# test_deprecated
#
ok 87 `0' shall be `0'
#
# test_new2_syspath_alternative
#
ok 88 chewing_new2 returns `0x55f3bbc875d0' shall not be `(nil)'
#
# test_new2_syspath_error
#
ok 89 chewing_new2 returns `(nil)' shall be `(nil)'
#
# test_new2_userpath_alternative
#
ok 90 chewing_new2 returns `0x55f3bbc875d0' shall not be `(nil)'
#
# test_new2_userpath_error
#
ok 91 chewing_new2 returns `(nil)' shall be `(nil)'
<end of output>
Test time =  34.86 sec
----------------------------------------------------------
Test Passed.
"test-config" end time: Aug 03 14:52 KST
"test-config" time elapsed: 00:00:34
----------------------------------------------------------

3/18 Testing: test-easy-symbol
3/18 Test: test-easy-symbol
Command: "/mnt/c/Users/sure/GLaDOS/Vulcan-Demo-Basic/build/test/test-easy-symbol"
Directory: /mnt/c/Users/sure/GLaDOS/Vulcan-Demo-Basic/build
"test-easy-symbol" start time: Aug 03 14:52 KST
Output:
----------------------------------------------------------
#
# test_type_easy_symbol
#
ok 1 preedit buffer check function returned `1' shall be `1'
ok 2 preedit buffer get length function returned `1' shall be `1'
ok 3 preedit buffer string function returned `〔' shall be `〔'
ok 4 preedit buffer string function returned `〔' shall be `〔'
ok 5 commit buffer check function returned `1' shall be `1'
ok 6 commit buffer string function returned `〔' shall be `〔'
ok 7 commit buffer string function returned `〔' shall be `〔'
ok 8 preedit buffer check function returned `1' shall be `1'
ok 9 preedit buffer get length function returned `1' shall be `1'
ok 10 preedit buffer string function returned `〕' shall be `〕'
ok 11 preedit buffer string function returned `〕' shall be `〕'
ok 12 commit buffer check function returned `1' shall be `1'
ok 13 commit buffer string function returned `〕' shall be `〕'
ok 14 commit buffer string function returned `〕' shall be `〕'
ok 15 preedit buffer check function returned `1' shall be `1'
ok 16 preedit buffer get length function returned `1' shall be `1'
ok 17 preedit buffer string function returned `【' shall be `【'
ok 18 preedit buffer string function returned `【' shall be `【'
ok 19 commit buffer check function returned `1' shall be `1'
ok 20 commit buffer string function returned `【' shall be `【'
ok 21 commit buffer string function returned `【' shall be `【'
ok 22 preedit buffer check function returned `1' shall be `1'
ok 23 preedit buffer get length function returned `1' shall be `1'
ok 24 preedit buffer string function returned `】' shall be `】'
ok 25 preedit buffer string function returned `】' shall be `】'
ok 26 commit buffer check function returned `1' shall be `1'
ok 27 commit buffer string function returned `】' shall be `】'
ok 28 commit buffer string function returned `】' shall be `】'
ok 29 preedit buffer check function returned `1' shall be `1'
ok 30 preedit buffer get length function returned `1' shall be `1'
ok 31 preedit buffer string function returned `《' shall be `《'
ok 32 preedit buffer string function returned `《' shall be `《'
ok 33 commit buffer check function returned `1' shall be `1'
ok 34 commit buffer string function returned `《' shall be `《'
ok 35 commit buffer string function returned `《' shall be `《'
ok 36 preedit buffer check function returned `1' shall be `1'
ok 37 preedit buffer get length function returned `1' shall be `1'
ok 38 preedit buffer string function returned `》' shall be `》'
ok 39 preedit buffer string function returned `》' shall be `》'
ok 40 commit buffer check function returned `1' shall be `1'
ok 41 commit buffer string function returned `》' shall be `》'
ok 42 commit buffer string function returned `》' shall be `》'
ok 43 preedit buffer check function returned `1' shall be `1'
ok 44 preedit buffer get length function returned `1' shall be `1'
ok 45 preedit buffer string function returned `｛' shall be `｛'
ok 46 preedit buffer string function returned `｛' shall be `｛'
ok 47 commit buffer check function returned `1' shall be `1'
ok 48 commit buffer string function returned `｛' shall be `｛'
ok 49 commit buffer string function returned `｛' shall be `｛'
ok 50 preedit buffer check function returned `1' shall be `1'
ok 51 preedit buffer get length function returned `1' shall be `1'
ok 52 preedit buffer string function returned `｝' shall be `｝'
ok 53 preedit buffer string function returned `｝' shall be `｝'
ok 54 commit buffer check function returned `1' shall be `1'
ok 55 commit buffer string function returned `｝' shall be `｝'
ok 56 commit buffer string function returned `｝' shall be `｝'
ok 57 preedit buffer check function returned `1' shall be `1'
ok 58 preedit buffer get length function returned `1' shall be `1'
ok 59 preedit buffer string function returned `「' shall be `「'
ok 60 preedit buffer string function returned `「' shall be `「'
ok 61 commit buffer check function returned `1' shall be `1'
ok 62 commit buffer string function returned `「' shall be `「'
ok 63 commit buffer string function returned `「' shall be `「'
ok 64 preedit buffer check function returned `1' shall be `1'
ok 65 preedit buffer get length function returned `1' shall be `1'
ok 66 preedit buffer string function returned `」' shall be `」'
ok 67 preedit buffer string function returned `」' shall be `」'
ok 68 commit buffer check function returned `1' shall be `1'
ok 69 commit buffer string function returned `」' shall be `」'
ok 70 commit buffer string function returned `」' shall be `」'
ok 71 preedit buffer check function returned `1' shall be `1'
ok 72 preedit buffer get length function returned `1' shall be `1'
ok 73 preedit buffer string function returned `『' shall be `『'
ok 74 preedit buffer string function returned `『' shall be `『'
ok 75 commit buffer check function returned `1' shall be `1'
ok 76 commit buffer string function returned `『' shall be `『'
ok 77 commit buffer string function returned `『' shall be `『'
ok 78 preedit buffer check function returned `1' shall be `1'
ok 79 preedit buffer get length function returned `1' shall be `1'
ok 80 preedit buffer string function returned `』' shall be `』'
ok 81 preedit buffer string function returned `』' shall be `』'
ok 82 commit buffer check function returned `1' shall be `1'
ok 83 commit buffer string function returned `』' shall be `』'
ok 84 commit buffer string function returned `』' shall be `』'
ok 85 preedit buffer check function returned `1' shall be `1'
ok 86 preedit buffer get length function returned `1' shall be `1'
ok 87 preedit buffer string function returned `‘' shall be `‘'
ok 88 preedit buffer string function returned `‘' shall be `‘'
ok 89 commit buffer check function returned `1' shall be `1'
ok 90 commit buffer string function returned `‘' shall be `‘'
ok 91 commit buffer string function returned `‘' shall be `‘'
ok 92 preedit buffer check function returned `1' shall be `1'
ok 93 preedit buffer get length function returned `1' shall be `1'
ok 94 preedit buffer string function returned `’' shall be `’'
ok 95 preedit buffer string function returned `’' shall be `’'
ok 96 commit buffer check function returned `1' shall be `1'
ok 97 commit buffer string function returned `’' shall be `’'
ok 98 commit buffer string function returned `’' shall be `’'
ok 99 preedit buffer check function returned `1' shall be `1'
ok 100 preedit buffer get length function returned `1' shall be `1'
ok 101 preedit buffer string function returned `“' shall be `“'
ok 102 preedit buffer string function returned `“' shall be `“'
ok 103 commit buffer check function returned `1' shall be `1'
ok 104 commit buffer string function returned `“' shall be `“'
ok 105 commit buffer string function returned `“' shall be `“'
ok 106 preedit buffer check function returned `1' shall be `1'
ok 107 preedit buffer get length function returned `1' shall be `1'
ok 108 preedit buffer string function returned `”' shall be `”'
ok 109 preedit buffer string function returned `”' shall be `”'
ok 110 commit buffer check function returned `1' shall be `1'
ok 111 commit buffer string function returned `”' shall be `”'
ok 112 commit buffer string function returned `”' shall be `”'
ok 113 preedit buffer check function returned `1' shall be `1'
ok 114 preedit buffer get length function returned `1' shall be `1'
ok 115 preedit buffer string function returned `〝' shall be `〝'
ok 116 preedit buffer string function returned `〝' shall be `〝'
ok 117 commit buffer check function returned `1' shall be `1'
ok 118 commit buffer string function returned `〝' shall be `〝'
ok 119 commit buffer string function returned `〝' shall be `〝'
ok 120 preedit buffer check function returned `1' shall be `1'
ok 121 preedit buffer get length function returned `1' shall be `1'
ok 122 preedit buffer string function returned `〞' shall be `〞'
ok 123 preedit buffer string function returned `〞' shall be `〞'
ok 124 commit buffer check function returned `1' shall be `1'
ok 125 commit buffer string function returned `〞' shall be `〞'
ok 126 commit buffer string function returned `〞' shall be `〞'
ok 127 preedit buffer check function returned `1' shall be `1'
ok 128 preedit buffer get length function returned `1' shall be `1'
ok 129 preedit buffer string function returned `＋' shall be `＋'
ok 130 preedit buffer string function returned `＋' shall be `＋'
ok 131 commit buffer check function returned `1' shall be `1'
ok 132 commit buffer string function returned `＋' shall be `＋'
ok 133 commit buffer string function returned `＋' shall be `＋'
ok 134 preedit buffer check function returned `1' shall be `1'
ok 135 preedit buffer get length function returned `1' shall be `1'
ok 136 preedit buffer string function returned `－' shall be `－'
ok 137 preedit buffer string function returned `－' shall be `－'
ok 138 commit buffer check function returned `1' shall be `1'
ok 139 commit buffer string function returned `－' shall be `－'
ok 140 commit buffer string function returned `－' shall be `－'
ok 141 preedit buffer check function returned `1' shall be `1'
ok 142 preedit buffer get length function returned `1' shall be `1'
ok 143 preedit buffer string function returned `×' shall be `×'
ok 144 preedit buffer string function returned `×' shall be `×'
ok 145 commit buffer check function returned `1' shall be `1'
ok 146 commit buffer string function returned `×' shall be `×'
ok 147 commit buffer string function returned `×' shall be `×'
ok 148 preedit buffer check function returned `1' shall be `1'
ok 149 preedit buffer get length function returned `1' shall be `1'
ok 150 preedit buffer string function returned `÷' shall be `÷'
ok 151 preedit buffer string function returned `÷' shall be `÷'
ok 152 commit buffer check function returned `1' shall be `1'
ok 153 commit buffer string function returned `÷' shall be `÷'
ok 154 commit buffer string function returned `÷' shall be `÷'
ok 155 preedit buffer check function returned `1' shall be `1'
ok 156 preedit buffer get length function returned `1' shall be `1'
ok 157 preedit buffer string function returned `≠' shall be `≠'
ok 158 preedit buffer string function returned `≠' shall be `≠'
ok 159 commit buffer check function returned `1' shall be `1'
ok 160 commit buffer string function returned `≠' shall be `≠'
ok 161 commit buffer string function returned `≠' shall be `≠'
ok 162 preedit buffer check function returned `1' shall be `1'
ok 163 preedit buffer get length function returned `1' shall be `1'
ok 164 preedit buffer string function returned `≒' shall be `≒'
ok 165 preedit buffer string function returned `≒' shall be `≒'
ok 166 commit buffer check function returned `1' shall be `1'
ok 167 commit buffer string function returned `≒' shall be `≒'
ok 168 commit buffer string function returned `≒' shall be `≒'
ok 169 preedit buffer check function returned `1' shall be `1'
ok 170 preedit buffer get length function returned `3' shall be `3'
ok 171 preedit buffer string function returned `Orz' shall be `Orz'
ok 172 preedit buffer string function returned `Orz' shall be `Orz'
ok 173 commit buffer check function returned `1' shall be `1'
ok 174 commit buffer string function returned `Orz' shall be `Orz'
ok 175 commit buffer string function returned `Orz' shall be `Orz'
ok 176 preedit buffer check function returned `1' shall be `1'
ok 177 preedit buffer get length function returned `1' shall be `1'
ok 178 preedit buffer string function returned `…' shall be `…'
ok 179 preedit buffer string function returned `…' shall be `…'
ok 180 commit buffer check function returned `1' shall be `1'
ok 181 commit buffer string function returned `…' shall be `…'
ok 182 commit buffer string function returned `…' shall be `…'
#
# test_mode_change
#
ok 183 commit buffer check function returned `1' shall be `1'
ok 184 commit buffer string function returned `測試' shall be `測試'
ok 185 commit buffer string function returned `測試' shall be `測試'
ok 186 commit buffer check function returned `1' shall be `1'
ok 187 commit buffer string function returned `〔' shall be `〔'
ok 188 commit buffer string function returned `〔' shall be `〔'
ok 189 commit buffer check function returned `1' shall be `1'
ok 190 commit buffer string function returned `測試' shall be `測試'
ok 191 commit buffer string function returned `測試' shall be `測試'
<end of output>
Test time =   0.07 sec
----------------------------------------------------------
Test Passed.
"test-easy-symbol" end time: Aug 03 14:52 KST
"test-easy-symbol" time elapsed: 00:00:00
----------------------------------------------------------

4/18 Testing: test-error-handling
4/18 Test: test-error-handling
Command: "/mnt/c/Users/sure/GLaDOS/Vulcan-Demo-Basic/build/test/test-error-handling"
Directory: /mnt/c/Users/sure/GLaDOS/Vulcan-Demo-Basic/build
"test-error-handling" start time: Aug 03 14:52 KST
Output:
----------------------------------------------------------
#
# test_null
#
ok 1 chewing_set_KBType() returns `-1' shall be `-1'
ok 2 chewing_get_KBType() returns `-1' shall be `-1'
ok 3 chewing_get_KBString() returns `' shall be `'
ok 4 chewing_get_candPerPage() returns `-1' shall be `-1'
ok 5 chewing_get_maxChiSymbolLen() returns `-1' shall be `-1'
ok 6 chewing_get_selKey() returns NULL
ok 7 chewing_get_addPhraseDirection() returns `-1' shall be `-1'
ok 8 chewing_get_spaceAsSelection() returns `-1' shall be `-1'
ok 9 chewing_get_escCleanAllBuf() returns `-1' shall be `-1'
ok 10 chewing_get_autoShiftCur() returns `-1' shall be `-1'
ok 11 chewing_get_easySymbolInput() returns `-1' shall be `-1'
ok 12 chewing_get_phraseChoiceRearward() returns `-1' shall be `-1'
ok 13 chewing_get_ChiEngMode() returns `-1' shall be `-1'
ok 14 chewing_handle_Space() returns `-1' shall be `-1'
ok 15 chewing_handle_Esc() returns `-1' shall be `-1'
ok 16 chewing_handle_Enter() returns `-1' shall be `-1'
ok 17 chewing_handle_Del() returns `-1' shall be `-1'
ok 18 chewing_handle_Backspace() returns `-1' shall be `-1'
ok 19 chewing_handle_Up() returns `-1' shall be `-1'
ok 20 chewing_handle_Down() returns `-1' shall be `-1'
ok 21 chewing_handle_ShiftLeft() returns `-1' shall be `-1'
ok 22 chewing_handle_Left() returns `-1' shall be `-1'
ok 23 chewing_handle_ShiftRight() returns `-1' shall be `-1'
ok 24 chewing_handle_Right() returns `-1' shall be `-1'
ok 25 chewing_handle_Tab() returns `-1' shall be `-1'
ok 26 chewing_handle_DblTab() returns `-1' shall be `-1'
ok 27 chewing_handle_Capslock() returns `-1' shall be `-1'
ok 28 chewing_handle_Home() returns `-1' shall be `-1'
ok 29 chewing_handle_PageUp() returns `-1' shall be `-1'
ok 30 chewing_handle_PageDown() returns `-1' shall be `-1'
ok 31 chewing_handle_Default() returns `-1' shall be `-1'
ok 32 chewing_handle_CtrlNum() returns `-1' shall be `-1'
ok 33 chewing_handle_ShiftSpace() returns `-1' shall be `-1'
ok 34 chewing_handle_Numlock() returns `-1' shall be `-1'
ok 35 chewing_get_phoneSeq() returns NULL
ok 36 chewing_get_phoneSeqLen() returns `-1' shall be `-1'
ok 37 chewing_userphrase_enumerate() returns `-1' shall be `-1'
ok 38 chewing_userphrase_has_next() returns `0' shall be `0'
ok 39 chewing_userphrase_get() returns `-1' shall be `-1'
ok 40 chewing_userphrase_add() returns `-1' shall be `-1'
ok 41 chewing_userphrase_remove() returns `-1' shall be `-1'
ok 42 chewing_userphrase_lookup() returns `0' shall be `0'
ok 43 chewing_cand_open() returns `-1' shall be `-1'
ok 44 chewing_cand_open() returns `-1' shall be `-1'
ok 45 chewing_cand_choose_by_index() returns `-1' shall be `-1'
ok 46 chewing_cand_list_first() returns `-1' shall be `-1'
ok 47 chewing_cand_list_last() returns `-1' shall be `-1'
ok 48 chewing_cand_list_has_next() returns `0' shall be `0'
ok 49 chewing_cand_list_has_prev() returns `0' shall be `0'
ok 50 chewing_cand_list_next() returns `-1' shall be `-1'
ok 51 chewing_cand_list_prev() returns `-1' shall be `-1'
ok 52 chewing_commit_preedit_buf() returns `-1' shall be `-1'
ok 53 chewing_clean_preedit_buf() returns `-1' shall be `-1'
ok 54 chewing_clean_bopomofo_buf() returns `-1' shall be `-1'
ok 55 chewing_commit_Check() returns `-1' shall be `-1'
ok 56 chewing_commit_String() returns `' shall be `'
ok 57 chewing_commit_String() returns `' shall be `'
ok 58 chewing_buffer_Check() returns `-1' shall be `-1'
ok 59 chewing_buffer_Len() returns `-1' shall be `-1'
ok 60 chewing_buffer_String() returns `' shall be `'
ok 61 chewing_buffer_String_static() returns `' shall be `'
ok 62 chewing_bopomofo_String_static() returns `' shall be `'
ok 63 chewing_zuin_String() returns `' shall be `'
ok 64 chewing_bopomofo_Check() returns `-1' shall be `-1'
ok 65 chewing_cursor_Current() returns `-1' shall be `-1'
ok 66 chewing_cand_CheckDone() returns `-1' shall be `-1'
ok 67 chewing_cand_TotalPage() returns `-1' shall be `-1'
ok 68 chewing_cand_ChoicePerPage() returns `-1' shall be `-1'
ok 69 chewing_cand_TotalChoice() returns `-1' shall be `-1'
ok 70 chewing_cand_CurrentPage() returns `-1' shall be `-1'
ok 71 chewing_cand_hasNext() returns `-1' shall be `-1'
ok 72 chewing_cand_String_static() returns `' shall be `'
ok 73 chewing_cand_String() returns `' shall be `'
ok 74 chewing_interval_hasNext() returns `-1' shall be `-1'
ok 75 chewing_aux_Check() returns `-1' shall be `-1'
ok 76 chewing_aux_Length() returns `-1' shall be `-1'
ok 77 chewing_aux_String_static() returns `' shall be `'
ok 78 chewing_aux_String() returns `' shall be `'
ok 79 chewing_keystroke_CheckIgnore() returns `-1' shall be `-1'
ok 80 chewing_keystroke_CheckAbsorb() returns `-1' shall be `-1'
ok 81 chewing_kbtype_hasNext() returns `-1' shall be `-1'
ok 82 chewing_kbtype_String_static() returns `' shall be `'
ok 83 chewing_kbtype_String() returns `' shall be `'
<end of output>
Test time =   0.01 sec
----------------------------------------------------------
Test Passed.
"test-error-handling" end time: Aug 03 14:52 KST
"test-error-handling" time elapsed: 00:00:00
----------------------------------------------------------

5/18 Testing: test-fullshape
5/18 Test: test-fullshape
Command: "/mnt/c/Users/sure/GLaDOS/Vulcan-Demo-Basic/build/test/test-fullshape"
Directory: /mnt/c/Users/sure/GLaDOS/Vulcan-Demo-Basic/build
"test-fullshape" start time: Aug 03 14:52 KST
Output:
----------------------------------------------------------
#
# test_set_fullshape
#
ok 1 default is HALFSHAPE_MODE
ok 2 mode shall change to FULLSHAPE_MODE
ok 3 mode shall not change when parameter is invalid
ok 4 mode shall change to HALFSHAPE_MODE
ok 5 mode shall not change when parameter is invalid
#
# test_fullshape_input
#
ok 6 preedit buffer check function returned `0' shall be `0'
ok 7 preedit buffer get length function returned `0' shall be `0'
ok 8 preedit buffer string function returned `' shall be `'
ok 9 preedit buffer string function returned `' shall be `'
ok 10 commit buffer check function returned `1' shall be `1'
ok 11 commit buffer string function returned `０' shall be `０'
ok 12 commit buffer string function returned `０' shall be `０'
ok 13 preedit buffer check function returned `0' shall be `0'
ok 14 preedit buffer get length function returned `0' shall be `0'
ok 15 preedit buffer string function returned `' shall be `'
ok 16 preedit buffer string function returned `' shall be `'
ok 17 commit buffer check function returned `1' shall be `1'
ok 18 commit buffer string function returned `１' shall be `１'
ok 19 commit buffer string function returned `１' shall be `１'
ok 20 preedit buffer check function returned `0' shall be `0'
ok 21 preedit buffer get length function returned `0' shall be `0'
ok 22 preedit buffer string function returned `' shall be `'
ok 23 preedit buffer string function returned `' shall be `'
ok 24 commit buffer check function returned `1' shall be `1'
ok 25 commit buffer string function returned `２' shall be `２'
ok 26 commit buffer string function returned `２' shall be `２'
ok 27 preedit buffer check function returned `0' shall be `0'
ok 28 preedit buffer get length function returned `0' shall be `0'
ok 29 preedit buffer string function returned `' shall be `'
ok 30 preedit buffer string function returned `' shall be `'
ok 31 commit buffer check function returned `1' shall be `1'
ok 32 commit buffer string function returned `３' shall be `３'
ok 33 commit buffer string function returned `３' shall be `３'
ok 34 preedit buffer check function returned `0' shall be `0'
ok 35 preedit buffer get length function returned `0' shall be `0'
ok 36 preedit buffer string function returned `' shall be `'
ok 37 preedit buffer string function returned `' shall be `'
ok 38 commit buffer check function returned `1' shall be `1'
ok 39 commit buffer string function returned `４' shall be `４'
ok 40 commit buffer string function returned `４' shall be `４'
ok 41 preedit buffer check function returned `0' shall be `0'
ok 42 preedit buffer get length function returned `0' shall be `0'
ok 43 preedit buffer string function returned `' shall be `'
ok 44 preedit buffer string function returned `' shall be `'
ok 45 commit buffer check function returned `1' shall be `1'
ok 46 commit buffer string function returned `５' shall be `５'
ok 47 commit buffer string function returned `５' shall be `５'
ok 48 preedit buffer check function returned `0' shall be `0'
ok 49 preedit buffer get length function returned `0' shall be `0'
ok 50 preedit buffer string function returned `' shall be `'
ok 51 preedit buffer string function returned `' shall be `'
ok 52 commit buffer check function returned `1' shall be `1'
ok 53 commit buffer string function returned `６' shall be `６'
ok 54 commit buffer string function returned `６' shall be `６'
ok 55 preedit buffer check function returned `0' shall be `0'
ok 56 preedit buffer get length function returned `0' shall be `0'
ok 57 preedit buffer string function returned `' shall be `'
ok 58 preedit buffer string function returned `' shall be `'
ok 59 commit buffer check function returned `1' shall be `1'
ok 60 commit buffer string function returned `７' shall be `７'
ok 61 commit buffer string function returned `７' shall be `７'
ok 62 preedit buffer check function returned `0' shall be `0'
ok 63 preedit buffer get length function returned `0' shall be `0'
ok 64 preedit buffer string function returned `' shall be `'
ok 65 preedit buffer string function returned `' shall be `'
ok 66 commit buffer check function returned `1' shall be `1'
ok 67 commit buffer string function returned `８' shall be `８'
ok 68 commit buffer string function returned `８' shall be `８'
ok 69 preedit buffer check function returned `0' shall be `0'
ok 70 preedit buffer get length function returned `0' shall be `0'
ok 71 preedit buffer string function returned `' shall be `'
ok 72 preedit buffer string function returned `' shall be `'
ok 73 commit buffer check function returned `1' shall be `1'
ok 74 commit buffer string function returned `９' shall be `９'
ok 75 commit buffer string function returned `９' shall be `９'
ok 76 preedit buffer check function returned `0' shall be `0'
ok 77 preedit buffer get length function returned `0' shall be `0'
ok 78 preedit buffer string function returned `' shall be `'
ok 79 preedit buffer string function returned `' shall be `'
ok 80 commit buffer check function returned `1' shall be `1'
ok 81 commit buffer string function returned `ａ' shall be `ａ'
ok 82 commit buffer string function returned `ａ' shall be `ａ'
ok 83 preedit buffer check function returned `0' shall be `0'
ok 84 preedit buffer get length function returned `0' shall be `0'
ok 85 preedit buffer string function returned `' shall be `'
ok 86 preedit buffer string function returned `' shall be `'
ok 87 commit buffer check function returned `1' shall be `1'
ok 88 commit buffer string function returned `ｂ' shall be `ｂ'
ok 89 commit buffer string function returned `ｂ' shall be `ｂ'
ok 90 preedit buffer check function returned `0' shall be `0'
ok 91 preedit buffer get length function returned `0' shall be `0'
ok 92 preedit buffer string function returned `' shall be `'
ok 93 preedit buffer string function returned `' shall be `'
ok 94 commit buffer check function returned `1' shall be `1'
ok 95 commit buffer string function returned `ｃ' shall be `ｃ'
ok 96 commit buffer string function returned `ｃ' shall be `ｃ'
ok 97 preedit buffer check function returned `0' shall be `0'
ok 98 preedit buffer get length function returned `0' shall be `0'
ok 99 preedit buffer string function returned `' shall be `'
ok 100 preedit buffer string function returned `' shall be `'
ok 101 commit buffer check function returned `1' shall be `1'
ok 102 commit buffer string function returned `ｄ' shall be `ｄ'
ok 103 commit buffer string function returned `ｄ' shall be `ｄ'
ok 104 preedit buffer check function returned `0' shall be `0'
ok 105 preedit buffer get length function returned `0' shall be `0'
ok 106 preedit buffer string function returned `' shall be `'
ok 107 preedit buffer string function returned `' shall be `'
ok 108 commit buffer check function returned `1' shall be `1'
ok 109 commit buffer string function returned `ｅ' shall be `ｅ'
ok 110 commit buffer string function returned `ｅ' shall be `ｅ'
ok 111 preedit buffer check function returned `0' shall be `0'
[...]
ok 1968 preedit buffer check function returned `0' shall be `0'
ok 1969 preedit buffer get length function returned `0' shall be `0'
ok 1970 preedit buffer string function returned `' shall be `'
ok 1971 preedit buffer string function returned `' shall be `'
ok 1972 commit buffer check function returned `1' shall be `1'
ok 1973 commit buffer string function returned `﹉' shall be `﹉'
ok 1974 commit buffer string function returned `﹉' shall be `﹉'
ok 1975 preedit buffer check function returned `0' shall be `0'
ok 1976 preedit buffer get length function returned `0' shall be `0'
ok 1977 preedit buffer string function returned `' shall be `'
ok 1978 preedit buffer string function returned `' shall be `'
ok 1979 commit buffer check function returned `1' shall be `1'
ok 1980 commit buffer string function returned `﹊' shall be `﹊'
ok 1981 commit buffer string function returned `﹊' shall be `﹊'
ok 1982 preedit buffer check function returned `0' shall be `0'
ok 1983 preedit buffer get length function returned `0' shall be `0'
ok 1984 preedit buffer string function returned `' shall be `'
ok 1985 preedit buffer string function returned `' shall be `'
ok 1986 commit buffer check function returned `1' shall be `1'
ok 1987 commit buffer string function returned `﹍' shall be `﹍'
ok 1988 commit buffer string function returned `﹍' shall be `﹍'
ok 1989 preedit buffer check function returned `0' shall be `0'
ok 1990 preedit buffer get length function returned `0' shall be `0'
ok 1991 preedit buffer string function returned `' shall be `'
ok 1992 preedit buffer string function returned `' shall be `'
ok 1993 commit buffer check function returned `1' shall be `1'
ok 1994 commit buffer string function returned `﹎' shall be `﹎'
ok 1995 commit buffer string function returned `﹎' shall be `﹎'
ok 1996 preedit buffer check function returned `0' shall be `0'
ok 1997 preedit buffer get length function returned `0' shall be `0'
ok 1998 preedit buffer string function returned `' shall be `'
ok 1999 preedit buffer string function returned `' shall be `'
ok 2000 commit buffer check function returned `1' shall be `1'
ok 2001 commit buffer string function returned `﹋' shall be `﹋'
ok 2002 commit buffer string function returned `﹋' shall be `﹋'
ok 2003 preedit buffer check function returned `0' shall be `0'
ok 2004 preedit buffer get length function returned `0' shall be `0'
ok 2005 preedit buffer string function returned `' shall be `'
ok 2006 preedit buffer string function returned `' shall be `'
ok 2007 commit buffer check function returned `1' shall be `1'
ok 2008 commit buffer string function returned `﹌' shall be `﹌'
ok 2009 commit buffer string function returned `﹌' shall be `﹌'
ok 2010 preedit buffer check function returned `0' shall be `0'
ok 2011 preedit buffer get length function returned `0' shall be `0'
ok 2012 preedit buffer string function returned `' shall be `'
ok 2013 preedit buffer string function returned `' shall be `'
ok 2014 commit buffer check function returned `1' shall be `1'
ok 2015 commit buffer string function returned `﹏' shall be `﹏'
ok 2016 commit buffer string function returned `﹏' shall be `﹏'
ok 2017 preedit buffer check function returned `0' shall be `0'
ok 2018 preedit buffer get length function returned `0' shall be `0'
ok 2019 preedit buffer string function returned `' shall be `'
ok 2020 preedit buffer string function returned `' shall be `'
ok 2021 commit buffer check function returned `1' shall be `1'
ok 2022 commit buffer string function returned `︴' shall be `︴'
ok 2023 commit buffer string function returned `︴' shall be `︴'
ok 2024 preedit buffer check function returned `0' shall be `0'
ok 2025 preedit buffer get length function returned `0' shall be `0'
ok 2026 preedit buffer string function returned `' shall be `'
ok 2027 preedit buffer string function returned `' shall be `'
ok 2028 commit buffer check function returned `1' shall be `1'
ok 2029 commit buffer string function returned `∕' shall be `∕'
ok 2030 commit buffer string function returned `∕' shall be `∕'
ok 2031 preedit buffer check function returned `0' shall be `0'
ok 2032 preedit buffer get length function returned `0' shall be `0'
ok 2033 preedit buffer string function returned `' shall be `'
ok 2034 preedit buffer string function returned `' shall be `'
ok 2035 commit buffer check function returned `1' shall be `1'
ok 2036 commit buffer string function returned `﹨' shall be `﹨'
ok 2037 commit buffer string function returned `﹨' shall be `﹨'
ok 2038 preedit buffer check function returned `0' shall be `0'
ok 2039 preedit buffer get length function returned `0' shall be `0'
ok 2040 preedit buffer string function returned `' shall be `'
ok 2041 preedit buffer string function returned `' shall be `'
ok 2042 commit buffer check function returned `1' shall be `1'
ok 2043 commit buffer string function returned `╱' shall be `╱'
ok 2044 commit buffer string function returned `╱' shall be `╱'
ok 2045 preedit buffer check function returned `0' shall be `0'
ok 2046 preedit buffer get length function returned `0' shall be `0'
ok 2047 preedit buffer string function returned `' shall be `'
ok 2048 preedit buffer string function returned `' shall be `'
ok 2049 commit buffer check function returned `1' shall be `1'
ok 2050 commit buffer string function returned `╲' shall be `╲'
ok 2051 commit buffer string function returned `╲' shall be `╲'
ok 2052 preedit buffer check function returned `0' shall be `0'
ok 2053 preedit buffer get length function returned `0' shall be `0'
ok 2054 preedit buffer string function returned `' shall be `'
ok 2055 preedit buffer string function returned `' shall be `'
ok 2056 commit buffer check function returned `1' shall be `1'
ok 2057 commit buffer string function returned `／' shall be `／'
ok 2058 commit buffer string function returned `／' shall be `／'
ok 2059 preedit buffer check function returned `0' shall be `0'
ok 2060 preedit buffer get length function returned `0' shall be `0'
ok 2061 preedit buffer string function returned `' shall be `'
ok 2062 preedit buffer string function returned `' shall be `'
ok 2063 commit buffer check function returned `1' shall be `1'
ok 2064 commit buffer string function returned `＼' shall be `＼'
ok 2065 commit buffer string function returned `＼' shall be `＼'
#
# test_symbol_cand_page
#
ok 2066 current page shall be 0
ok 2067 total page shall be 2
ok 2068 shall has next candidate
ok 2069 candidate `…' shall be `…'
ok 2070 candndate `…' shall be `…'
ok 2071 shall has next candidate
ok 2072 candidate `※' shall be `※'
ok 2073 candndate `※' shall be `※'
ok 2074 shall has next candidate
ok 2075 candidate `常用符號' shall be `常用符號'
ok 2076 candndate `常用符號' shall be `常用符號'
ok 2077 shall has next candidate
ok 2078 candidate `左右括號' shall be `左右括號'
ok 2079 candndate `左右括號' shall be `左右括號'
ok 2080 shall has next candidate
ok 2081 candidate `上下括號' shall be `上下括號'
ok 2082 candndate `上下括號' shall be `上下括號'
ok 2083 shall has next candidate
ok 2084 candidate `希臘字母' shall be `希臘字母'
ok 2085 candndate `希臘字母' shall be `希臘字母'
ok 2086 shall has next candidate
ok 2087 candidate `數學符號' shall be `數學符號'
ok 2088 candndate `數學符號' shall be `數學符號'
ok 2089 shall has next candidate
ok 2090 candidate `特殊圖形' shall be `特殊圖形'
ok 2091 candndate `特殊圖形' shall be `特殊圖形'
ok 2092 shall has next candidate
ok 2093 candidate `Unicode' shall be `Unicode'
ok 2094 candndate `Unicode' shall be `Unicode'
ok 2095 shall has next candidate
ok 2096 candidate `單線框' shall be `單線框'
ok 2097 candndate `單線框' shall be `單線框'
ok 2098 shall has next candidate
ok 2099 candidate `雙線框' shall be `雙線框'
ok 2100 candndate `雙線框' shall be `雙線框'
ok 2101 shall has next candidate
ok 2102 candidate `填色方塊' shall be `填色方塊'
ok 2103 candndate `填色方塊' shall be `填色方塊'
ok 2104 shall has next candidate
ok 2105 candidate `線段' shall be `線段'
ok 2106 candndate `線段' shall be `線段'
ok 2107 shall not have next candidate
ok 2108 candndate `' shall be `'
ok 2109 candndate `' shall be `'
#
# test_symbol_count
#
ok 2110 total candidate for `3 is 30, shall be 30
#
# test_nocand_symbol
#
ok 2111 preedit buffer check function returned `1' shall be `1'
ok 2112 preedit buffer get length function returned `1' shall be `1'
ok 2113 preedit buffer string function returned `█' shall be `█'
ok 2114 preedit buffer string function returned `█' shall be `█'
ok 2115 shall has next candidate
ok 2116 candidate `…' shall be `…'
ok 2117 candndate `…' shall be `…'
ok 2118 shall has next candidate
ok 2119 candidate `※' shall be `※'
ok 2120 candndate `※' shall be `※'
ok 2121 shall has next candidate
ok 2122 candidate `常用符號' shall be `常用符號'
ok 2123 candndate `常用符號' shall be `常用符號'
ok 2124 shall has next candidate
ok 2125 candidate `左右括號' shall be `左右括號'
ok 2126 candndate `左右括號' shall be `左右括號'
ok 2127 shall has next candidate
ok 2128 candidate `上下括號' shall be `上下括號'
ok 2129 candndate `上下括號' shall be `上下括號'
ok 2130 shall has next candidate
ok 2131 candidate `希臘字母' shall be `希臘字母'
ok 2132 candndate `希臘字母' shall be `希臘字母'
ok 2133 shall has next candidate
ok 2134 candidate `數學符號' shall be `數學符號'
ok 2135 candndate `數學符號' shall be `數學符號'
ok 2136 shall has next candidate
ok 2137 candidate `特殊圖形' shall be `特殊圖形'
ok 2138 candndate `特殊圖形' shall be `特殊圖形'
ok 2139 shall has next candidate
ok 2140 candidate `Unicode' shall be `Unicode'
ok 2141 candndate `Unicode' shall be `Unicode'
ok 2142 shall has next candidate
ok 2143 candidate `單線框' shall be `單線框'
ok 2144 candndate `單線框' shall be `單線框'
ok 2145 shall has next candidate
ok 2146 candidate `雙線框' shall be `雙線框'
ok 2147 candndate `雙線框' shall be `雙線框'
ok 2148 shall has next candidate
ok 2149 candidate `填色方塊' shall be `填色方塊'
ok 2150 candndate `填色方塊' shall be `填色方塊'
ok 2151 shall has next candidate
ok 2152 candidate `線段' shall be `線段'
ok 2153 candndate `線段' shall be `線段'
ok 2154 shall not have next candidate
ok 2155 candndate `' shall be `'
ok 2156 candndate `' shall be `'
ok 2157 commit buffer check function returned `1' shall be `1'
ok 2158 commit buffer string function returned `…' shall be `…'
ok 2159 commit buffer string function returned `…' shall be `…'
<end of output>
Test time =   0.08 sec
----------------------------------------------------------
Test Passed.
"test-symbol" end time: Aug 03 14:52 KST
"test-symbol" time elapsed: 00:00:00
----------------------------------------------------------

17/18 Testing: test-userphrase
17/18 Test: test-userphrase
Command: "/mnt/c/Users/sure/GLaDOS/Vulcan-Demo-Basic/build/test/test-userphrase"
Directory: /mnt/c/Users/sure/GLaDOS/Vulcan-Demo-Basic/build
"test-userphrase" start time: Aug 03 14:52 KST
Output:
----------------------------------------------------------
#
# test_ShiftLeft_not_entering_chewing
#
ok 1 keystroke rtn `1' shall be `1'
ok 2 keystroke rtn `0' shall be `0'
ok 3 keystroke rtn `0' shall be `0'
#
# test_ShiftLeft_add_userphrase
#
ok 4 `測試' shall not be in userphrase
ok 5 preedit buffer check function returned `1' shall be `1'
ok 6 preedit buffer get length function returned `2' shall be `2'
ok 7 preedit buffer string function returned `測試' shall be `測試'
ok 8 preedit buffer string function returned `測試' shall be `測試'
ok 9 cursor position `0' shall be 0
ok 10 `測試' shall be in userphrase
#
# test_ShiftRight_not_entering_chewing
#
ok 11 keystroke rtn `1' shall be `1'
ok 12 keystroke rtn `0' shall be `0'
ok 13 keystroke rtn `0' shall be `0'
#
# test_ShiftRight_add_userphrase
#
ok 14 `測試' shall not be in userphrase
ok 15 preedit buffer check function returned `1' shall be `1'
ok 16 preedit buffer get length function returned `2' shall be `2'
ok 17 preedit buffer string function returned `測試' shall be `測試'
ok 18 preedit buffer string function returned `測試' shall be `測試'
ok 19 cursor position `2' shall be 2
ok 20 `測試' shall be in userphrase
#
# test_CtrlNum_add_phrase_right
#
ok 21 `測試' shall not be in userphrase
ok 22 aux buffer check function returned `1' shall be `1'
ok 23 aux buffer get length function returned `5' shall be `5'
ok 24 aux buffer string function returned `加入：測試' shall be `加入：測試'
ok 25 preedit buffer check function returned `1' shall be `1'
ok 26 preedit buffer get length function returned `2' shall be `2'
ok 27 preedit buffer string function returned `測試' shall be `測試'
ok 28 preedit buffer string function returned `測試' shall be `測試'
ok 29 cursor position `0' shall be 0
ok 30 `測試' shall be in userphrase
ok 31 aux buffer check function returned `1' shall be `1'
ok 32 aux buffer get length function returned `5' shall be `5'
ok 33 aux buffer string function returned `已有：測試' shall be `已有：測試'
#
# test_CtrlNum_add_phrase_left
#
ok 34 `測試' shall not be in userphrase
ok 35 aux buffer check function returned `1' shall be `1'
ok 36 aux buffer get length function returned `5' shall be `5'
ok 37 aux buffer string function returned `加入：測試' shall be `加入：測試'
ok 38 preedit buffer check function returned `1' shall be `1'
ok 39 preedit buffer get length function returned `2' shall be `2'
ok 40 preedit buffer string function returned `測試' shall be `測試'
ok 41 preedit buffer string function returned `測試' shall be `測試'
ok 42 cursor position `2' shall be 2
ok 43 `測試' shall be in userphrase
ok 44 aux buffer check function returned `1' shall be `1'
ok 45 aux buffer get length function returned `5' shall be `5'
ok 46 aux buffer string function returned `已有：測試' shall be `已有：測試'
#
# test_CtrlNum_add_phrase_right_symbol_in_between
#
ok 47 `ㄘㄜˋ ㄕˋ' shall not be in userphrase
ok 48 cursor position `0' shall be 0
ok 49 `ㄘㄜˋ ㄕˋ' shall not be in userphrase
#
# test_CtrlNum_add_phrase_left_symbol_in_between
#
ok 50 `ㄘㄜˋ ㄕˋ' shall not be in userphrase
ok 51 cursor position `3' shall be 3
ok 52 `ㄘㄜˋ ㄕˋ' shall not be in userphrase
#
# test_userphrase_auto_learn
#
ok 53 `ㄘㄜˋ ㄕˋ' shall not be in userphrase
ok 54 `ㄘㄜˋ ㄕˋ' shall not be in userphrase
ok 55 `ㄘㄜˋ ㄕˋ' shall be in userphrase
ok 56 `ㄘㄜˋ ㄕˋ' shall be in userphrase
#
# test_userphrase_auto_learn_with_symbol
#
ok 57 `ㄎㄜ' shall not be in userphrase
ok 58 `ㄎㄜ ㄎㄜ' shall not be in userphrase
ok 59 `ㄎㄜ ㄎㄜ ㄎㄜ' shall not be in userphrase
ok 60 `ㄎㄜ' shall be in userphrase
ok 61 `ㄎㄜ ㄎㄜ' shall be in userphrase
ok 62 `ㄎㄜ ㄎㄜ ㄎㄜ' shall not be in userphrase
#
# test_userphrase_auto_learn_hardcode_break
#
ok 63 `的的' shall not be in userphrase
ok 64 `的的' shall not be in userphrase
#
# test_userphrase_enumerate_normal
#
ok 65 chewing_userphrase_add() return value `1' shall be `1'
ok 66 chewing_userphrase_lookup() return value `1' shall be `1'
ok 67 chewing_userphrase_enumerate() return value `0' shall be `0'
ok 68 chewing_userphrase_has_next() return value `1' shall be `1'
ok 69 chewing_userphrase_has_next() shall set phrase_len `7' >= `7'
ok 70 chewing_userphrase_has_next() shall set bopomofo_len `34' >= `15'
ok 71 chewing_userphrase_get() return value `0' shall be `0'
ok 72 chewing_userphrase_get() shall set phrase_buf `測試' to `測試'
ok 73 chewing_userphrase_get() shall set bopomofo_buf `ㄘㄜˋ ㄕˋ' to `ㄘㄜˋ ㄕˋ'
ok 74 chewing_userphrase_has_next() return value `0' shall be `0'
#
# test_userphrase_enumerate_empty
#
ok 75 chewing_userphrase_lookup() return value `0' shall be `0'
ok 76 chewing_userphrase_enumerate() return value `0' shall be `0'
ok 77 chewing_userphrase_has_next() return value `0' shall be `0'
#
# test_userphrase_enumerate_rewind
#
ok 78 chewing_userphrase_add() return value `1' shall be `1'
ok 79 chewing_userphrase_lookup() return value `1' shall be `1'
ok 80 chewing_userphrase_enumerate() return value `0' shall be `0'
ok 81 chewing_userphrase_has_next() return value `1' shall be `1'
ok 82 chewing_userphrase_has_next() shall set phrase_len `7' >= `7'
ok 83 chewing_userphrase_has_next() shall set bopomofo_len `34' >= `15'
ok 84 chewing_userphrase_get() return value `0' shall be `0'
ok 85 chewing_userphrase_get() shall set phrase_buf `測試' to `測試'
ok 86 chewing_userphrase_get() shall set bopomofo_buf `ㄘㄜˋ ㄕˋ' to `ㄘㄜˋ ㄕˋ'
ok 87 chewing_userphrase_enumerate() return value `0' shall be `0'
ok 88 chewing_userphrase_has_next() return value `1' shall be `1'
ok 89 chewing_userphrase_has_next() shall set phrase_len `7' >= `7'
ok 90 chewing_userphrase_has_next() shall set bopomofo_len `34' >= `15'
ok 91 chewing_userphrase_get() return value `0' shall be `0'
ok 92 chewing_userphrase_get() shall set phrase_buf `測試' to `測試'
ok 93 chewing_userphrase_get() shall set bopomofo_buf `ㄘㄜˋ ㄕˋ' to `ㄘㄜˋ ㄕˋ'
#
# test_userphrase_manipulate_normal
#
ok 94 chewing_userphrase_lookup() return value `0' shall be `0'
ok 95 chewing_userphrase_add() return value `1' shall be `1'
ok 96 chewing_userphrase_lookup() return value `1' shall be `1'
ok 97 chewing_userphrase_remove() return value `1' shall be `1'
ok 98 chewing_userphrase_lookup() return value `0' shall be `0'
ok 99 chewing_userphrase_lookup() return value `0' shall be `0'
#
# test_userphrase_manipulate_maximum
#
ok 100 chewing_userphrase_add() return value `1' shall be `1'
ok 101 chewing_userphrase_lookup() return value `1' shall be `1'
ok 102 chewing_userphrase_add() return value `0' shall be `0'
ok 103 chewing_userphrase_lookup() return value `0' shall be `0'
#
# test_userphrase_manipulate_hash_collision
#
ok 104 chewing_userphrase_add() return value `1' shall be `1'
ok 105 chewing_userphrase_add() return value `1' shall be `1'
ok 106 chewing_userphrase_lookup() return value `1' shall be `1'
ok 107 chewing_userphrase_lookup() return value `1' shall be `1'
ok 108 chewing_userphrase_remove() return value `1' shall be `1'
ok 109 chewing_userphrase_remove() return value `1' shall be `1'
ok 110 chewing_userphrase_lookup() return value `0' shall be `0'
ok 111 chewing_userphrase_lookup() return value `0' shall be `0'
#
# test_userphrase_manipulate_error_handling
#
ok 112 chewing_userphrase_add() return value `0' shall be `0'
ok 113 chewing_userphrase_add() return value `0' shall be `0'
ok 114 chewing_userphrase_remove() return value `0' shall be `0'
#
# test_userphrase_manipulate_remove_same_phone
#
ok 115 chewing_userphrase_add() return value `1' shall be `1'
ok 116 chewing_userphrase_add() return value `1' shall be `1'
ok 117 chewing_lookup() return value `1' shall be `1'
ok 118 chewing_lookup() return value `1' shall be `1'
ok 119 chewing_userphrase_remove() return value `1' shall be `1'
ok 120 chewing_lookup() return value `0' shall be `0'
ok 121 chewing_lookup() return value `1' shall be `1'
#
# test_userphrase_manipulate_remove_same_phrase
#
ok 122 chewing_userphrase_add() return value `1' shall be `1'
ok 123 chewing_userphrase_add() return value `1' shall be `1'
ok 124 chewing_lookup() return value `1' shall be `1'
ok 125 chewing_lookup() return value `1' shall be `1'
ok 126 chewing_userphrase_remove() return value `1' shall be `1'
ok 127 chewing_lookup() return value `0' shall be `0'
ok 128 chewing_lookup() return value `1' shall be `1'
#
# test_userphrase_manipulate_remove_non_userphrase
#
ok 129 chewing_lookup() return value `0' shall be `0'
ok 130 chewing_userphrase_remove() return value `0' shall be `0'
#
# test_userphrase_lookup
#
ok 131 chewing_userphrase_lookup() return value `0' shall be `0'
ok 132 chewing_userphrase_lookup() return value `0' shall be `0'
<end of output>
Test time =   0.86 sec
----------------------------------------------------------
Test Passed.
"test-userphrase" end time: Aug 03 14:52 KST
"test-userphrase" time elapsed: 00:00:00
----------------------------------------------------------

18/18 Testing: test-utf8
18/18 Test: test-utf8
Command: "/mnt/c/Users/sure/GLaDOS/Vulcan-Demo-Basic/build/test/test-utf8"
Directory: /mnt/c/Users/sure/GLaDOS/Vulcan-Demo-Basic/build
"test-utf8" start time: Aug 03 14:52 KST
Output:
----------------------------------------------------------
#
# test_utf8
#
ok 1 ueStrLen
ok 2 ueStrLen
ok 3 ueStrNCpy
ok 4 ueStrSeek
ok 5 ueStrSeek
<end of output>
Test time =   0.01 sec
----------------------------------------------------------
Test Passed.
"test-utf8" end time: Aug 03 14:52 KST
"test-utf8" time elapsed: 00:00:00
----------------------------------------------------------

End testing: Aug 03 14:52 KST
