Start testing: Jul 13 08:29 KST
----------------------------------------------------------
1/17 Testing: test-bopomofo
1/17 Test: test-bopomofo
Command: "/mnt/c/Users/sure/GLaDOS/libchewing/buggy_5/build/test/test-bopomofo"
Directory: /mnt/c/Users/sure/GLaDOS/libchewing/buggy_5/build
"test-bopomofo" start time: Jul 13 08:29 KST
Output:
----------------------------------------------------------
#
# test_Numlock_numeric_input
#
ok 1 commit buffer check function returned `1' shall be `1'
ok 2 commit buffer string function returned `0' shall be `0'
ok 3 commit buffer string function returned `0' shall be `0'
ok 4 commit buffer check function returned `1' shall be `1'
ok 5 commit buffer string function returned `1' shall be `1'
ok 6 commit buffer string function returned `1' shall be `1'
ok 7 commit buffer check function returned `1' shall be `1'
ok 8 commit buffer string function returned `2' shall be `2'
ok 9 commit buffer string function returned `2' shall be `2'
ok 10 commit buffer check function returned `1' shall be `1'
ok 11 commit buffer string function returned `3' shall be `3'
ok 12 commit buffer string function returned `3' shall be `3'
ok 13 commit buffer check function returned `1' shall be `1'
ok 14 commit buffer string function returned `4' shall be `4'
ok 15 commit buffer string function returned `4' shall be `4'
ok 16 commit buffer check function returned `1' shall be `1'
ok 17 commit buffer string function returned `5' shall be `5'
ok 18 commit buffer string function returned `5' shall be `5'
ok 19 commit buffer check function returned `1' shall be `1'
ok 20 commit buffer string function returned `6' shall be `6'
ok 21 commit buffer string function returned `6' shall be `6'
ok 22 commit buffer check function returned `1' shall be `1'
ok 23 commit buffer string function returned `7' shall be `7'
ok 24 commit buffer string function returned `7' shall be `7'
ok 25 commit buffer check function returned `1' shall be `1'
ok 26 commit buffer string function returned `8' shall be `8'
ok 27 commit buffer string function returned `8' shall be `8'
ok 28 commit buffer check function returned `1' shall be `1'
ok 29 commit buffer string function returned `9' shall be `9'
ok 30 commit buffer string function returned `9' shall be `9'
ok 31 commit buffer check function returned `1' shall be `1'
ok 32 commit buffer string function returned `+' shall be `+'
ok 33 commit buffer string function returned `+' shall be `+'
ok 34 commit buffer check function returned `1' shall be `1'
ok 35 commit buffer string function returned `-' shall be `-'
ok 36 commit buffer string function returned `-' shall be `-'
ok 37 commit buffer check function returned `1' shall be `1'
ok 38 commit buffer string function returned `*' shall be `*'
ok 39 commit buffer string function returned `*' shall be `*'
ok 40 commit buffer check function returned `1' shall be `1'
ok 41 commit buffer string function returned `/' shall be `/'
ok 42 commit buffer string function returned `/' shall be `/'
ok 43 commit buffer check function returned `1' shall be `1'
ok 44 commit buffer string function returned `.' shall be `.'
ok 45 commit buffer string function returned `.' shall be `.'
#
# test_Numlock_select_candidate
#
ok 46 commit buffer check function returned `1' shall be `1'
ok 47 commit buffer string function returned `冊' shall be `冊'
ok 48 commit buffer string function returned `冊' shall be `冊'
ok 49 commit buffer check function returned `1' shall be `1'
ok 50 commit buffer string function returned `策' shall be `策'
ok 51 commit buffer string function returned `策' shall be `策'
ok 52 commit buffer check function returned `1' shall be `1'
ok 53 commit buffer string function returned `測' shall be `測'
ok 54 commit buffer string function returned `測' shall be `測'
ok 55 commit buffer check function returned `1' shall be `1'
ok 56 commit buffer string function returned `側' shall be `側'
ok 57 commit buffer string function returned `側' shall be `側'
ok 58 commit buffer check function returned `1' shall be `1'
ok 59 commit buffer string function returned `廁' shall be `廁'
ok 60 commit buffer string function returned `廁' shall be `廁'
ok 61 commit buffer check function returned `1' shall be `1'
ok 62 commit buffer string function returned `惻' shall be `惻'
ok 63 commit buffer string function returned `惻' shall be `惻'
ok 64 commit buffer check function returned `1' shall be `1'
ok 65 commit buffer string function returned `筴' shall be `筴'
ok 66 commit buffer string function returned `筴' shall be `筴'
ok 67 commit buffer check function returned `1' shall be `1'
ok 68 commit buffer string function returned `畟' shall be `畟'
ok 69 commit buffer string function returned `畟' shall be `畟'
ok 70 commit buffer check function returned `1' shall be `1'
ok 71 commit buffer string function returned `茦' shall be `茦'
ok 72 commit buffer string function returned `茦' shall be `茦'
ok 73 commit buffer check function returned `1' shall be `1'
ok 74 commit buffer string function returned `粣' shall be `粣'
ok 75 commit buffer string function returned `粣' shall be `粣'
<end of output>
Test time =   0.22 sec
----------------------------------------------------------
Test Passed.
"test-bopomofo" end time: Jul 13 08:29 KST
"test-bopomofo" time elapsed: 00:00:00
----------------------------------------------------------

End testing: Jul 13 08:29 KST
